number,value,datetime_start,datetime_complete,duration,params_colsample_bytree,params_gamma,params_learning_rate,params_max_bin,params_max_delta_step,params_max_depth,params_min_child_weight,params_n_estimators,params_reg_alpha,params_reg_lambda,params_subsample,state
0,0.4312180856849027,2026-07-12 19:37:58.906761,2026-07-12 19:38:10.941405,0 days 00:00:12.034644,0.8532425988180369,3.0523831528710454,0.025280650144757527,128,1.2708660872316513,7,11.666388748850776,750,2.2059502621028493,3.5956205549661377,0.8310855036089813,COMPLETE
1,0.42963725786186424,2026-07-12 19:38:10.942428,2026-07-12 19:38:22.407442,0 days 00:00:11.465014,0.6174870092389562,4.697041026528685,0.012681366199589815,128,1.1099605879847596,6,20.514695411099403,950,0.4362746308949731,3.5666549317362897,0.7281921628418678,COMPLETE
2,0.42852392550529456,2026-07-12 19:38:22.407849,2026-07-12 19:38:24.732455,0 days 00:00:02.324606,0.7087058721898793,4.339260701587538,0.07615351966505331,512,0.6058162628262553,3,5.119963483473797,150,0.12337710837273906,0.0025225394110893473,0.9784365468715088,COMPLETE
3,0.41015262173966127,2026-07-12 19:38:24.732810,2026-07-12 19:38:29.328445,0 days 00:00:04.595635,0.6214512632282871,2.495278951325294,0.0016344624034792627,128,3.6834837912635288,4,8.601273157191759,400,2.9921237537363496,7.876420525190662,0.7170058103503243,COMPLETE
4,0.42982732592102657,2026-07-12 19:38:29.328886,2026-07-12 19:38:36.010701,0 days 00:00:06.681815,0.8853094678519826,3.035486436227332,0.056512024085510204,512,4.613499513661393,3,12.241339928709191,900,3.7274859759176233,0.001003648105127574,0.6319284330611545,COMPLETE
5,0.43297520576575793,2026-07-12 19:38:36.012018,2026-07-12 19:38:37.992937,0 days 00:00:01.980919,0.9204378052876966,0.8135371142854986,0.2654031761167233,512,2.38368061598813,7,16.090077485012955,100,0.00902764623372013,0.013722858906627366,0.8750257659139884,COMPLETE
6,0.431132330232243,2026-07-12 19:38:37.993305,2026-07-12 19:38:52.775880,0 days 00:00:14.782575,0.6707879928414703,0.3352220702266945,0.00513489188766217,512,8.504079686302438,7,31.902303655178653,950,6.340510179346698,0.002777215742993927,0.9858811891192432,COMPLETE
7,0.4314299731424282,2026-07-12 19:38:52.776414,2026-07-12 19:38:58.646773,0 days 00:00:05.870359,0.664407372165699,2.781207045941101,0.20415572344629837,128,8.35086918513408,8,19.614576962700188,850,0.030582019830418607,0.011048244042211504,0.667267581303267,COMPLETE
8,0.41506953525297263,2026-07-12 19:38:58.647171,2026-07-12 19:39:04.280296,0 days 00:00:05.633125,0.9604604968133099,3.8646864787168624,0.0037881745992145344,32,5.22700330214584,5,20.32736119980669,450,3.0131599084013736,0.1593582370544434,0.6810975688707268,COMPLETE
9,0.4281282076196581,2026-07-12 19:39:04.280775,2026-07-12 19:39:13.807117,0 days 00:00:09.526342,0.8075643432329059,1.0238130692899083,0.006131139966419435,128,9.871643490237368,4,5.948334850136571,800,0.5534812648209269,0.004309461356706629,0.9031050892738658,COMPLETE
10,0.42694527285761863,2026-07-12 19:39:13.807610,2026-07-12 19:39:15.476120,0 days 00:00:01.668510,0.9843692777594027,1.5597319815620216,0.3982467204659369,64,6.225989989432816,10,1.3692164167239107,100,0.0010782898587921588,0.07659495012643681,0.8023514430926364,COMPLETE
11,0.43001936224737475,2026-07-12 19:39:15.476504,2026-07-12 19:39:19.060034,0 days 00:00:03.583530,0.7987315261157109,1.8307133128008077,0.483580836710956,256,7.290281127019353,9,34.739354899793824,600,0.011221535416183651,0.028039566528493872,0.8139042025340129,COMPLETE
12,0.4049683409840865,2026-07-12 19:39:19.060360,2026-07-12 19:39:26.427019,0 days 00:00:07.366659,0.7357976059774347,0.07765631125039052,0.15149988937382092,64,3.1934432576149976,8,3.522006516715334,300,0.013536103585954659,0.015599557564212925,0.6051865218909668,COMPLETE
13,0.43391387977745566,2026-07-12 19:39:26.427379,2026-07-12 19:39:30.476036,0 days 00:00:04.048657,0.9265708219801951,1.0879110366610167,0.14224252587647754,256,2.5932745703156037,8,19.225126885661258,600,0.014632687410812813,0.3142332787881059,0.8858353206401884,COMPLETE
14,0.43352344833752754,2026-07-12 19:39:30.476329,2026-07-12 19:39:34.787979,0 days 00:00:04.311650,0.9298635951609321,0.8932642116131816,0.10023220109456474,256,2.5704209918364422,7,48.83400095963914,600,0.0031106028930171217,0.47763588607883006,0.8949547843071138,COMPLETE
15,0.43294856960603256,2026-07-12 19:39:34.788451,2026-07-12 19:39:40.805270,0 days 00:00:06.016819,0.9290827541394506,1.600356915551966,0.07130055711302456,256,2.46881782877369,10,39.410447357574796,650,0.0013947637143119033,0.6461695666901376,0.9163177615663699,COMPLETE
16,0.433845322681378,2026-07-12 19:39:40.805940,2026-07-12 19:39:48.031528,0 days 00:00:07.225588,0.8430687405290794,0.8424625014194829,0.032268279156585006,256,4.479082928042996,8,45.26892026942898,550,0.00346934244155264,0.497205716944968,0.925611474750443,COMPLETE
17,0.43285071546471626,2026-07-12 19:39:48.032003,2026-07-12 19:39:54.109220,0 days 00:00:06.077217,0.8351701427299704,1.9373013406655333,0.027761101738766083,256,4.5674111502031005,9,27.147631745507717,500,0.06098512491587771,0.7219477772229099,0.9542289363273698,COMPLETE
18,0.4333330987056255,2026-07-12 19:39:54.109563,2026-07-12 19:40:00.825428,0 days 00:00:06.715865,0.7720302748420111,0.5446742597640264,0.039666329714007485,256,5.83772383236317,9,2.1518212764175266,300,0.004401403705860724,0.19244977367954552,0.8550098585966828,COMPLETE
19,0.43291604549202745,2026-07-12 19:40:00.825979,2026-07-12 19:40:10.171075,0 days 00:00:09.345096,0.8815547204353443,1.2561707511967006,0.017418520117487624,32,3.726486750455771,8,45.606369520467716,650,0.026074662640658375,1.4074928684799513,0.9418989078695966,COMPLETE
20,0.4324209313763321,2026-07-12 19:40:10.171532,2026-07-12 19:40:15.835003,0 days 00:00:05.663471,0.8798551911121772,2.2790049590977945,0.13057627545953954,256,1.6684912700702754,6,26.65900533789015,750,0.003795864831544187,0.07474545084374191,0.771714931487174,COMPLETE
21,0.4335741874050901,2026-07-12 19:40:15.835332,2026-07-12 19:40:19.942132,0 days 00:00:04.106800,0.9443312493893109,0.7801880270752457,0.09604142899493394,256,2.6693253167401543,6,49.456770373133914,550,0.0031421831421432275,0.30116197356621127,0.8939273142294223,COMPLETE
22,0.43483862906339094,2026-07-12 19:40:19.942471,2026-07-12 19:40:28.332889,0 days 00:00:08.390418,0.9896216370698313,0.057935043049646584,0.04334282236278168,256,4.13676942289669,6,46.854102537388236,500,0.0022909904871929636,0.21788701000289856,0.9329430621691924,COMPLETE
23,0.4260294939890349,2026-07-12 19:40:28.333345,2026-07-12 19:40:33.482295,0 days 00:00:05.148950,0.9957828432581598,0.07951215127717726,0.010042405284591688,256,4.25374467586665,5,29.66456550088167,350,0.006951281389809341,1.3145478104935966,0.9432132944112515,COMPLETE
24,0.4339456216689771,2026-07-12 19:40:33.482649,2026-07-12 19:40:40.599609,0 days 00:00:07.116960,0.9654649275064234,1.2542587267113192,0.050404389970340635,256,0.18912221090289982,8,12.126636213970816,500,0.001647989556033864,0.07939017504275128,0.8676857345639946,COMPLETE
25,0.4342277801440588,2026-07-12 19:40:40.600083,2026-07-12 19:40:47.146928,0 days 00:00:06.546845,0.9685595070401826,1.3596154675793504,0.05986501572340656,256,0.18088073977064356,9,8.834101480591983,450,0.0017695383599503464,0.06195044537908424,0.8550077458498535,COMPLETE
26,0.35587509508078063,2026-07-12 19:40:47.147332,2026-07-12 19:40:50.140244,0 days 00:00:02.992912,0.9655949980415466,0.41785310800666564,0.056613198934126356,64,0.1077453992281293,10,7.327006047540322,200,0.0017775570190098084,0.055979946889199966,0.8504304563447019,COMPLETE
27,0.43295058306876777,2026-07-12 19:40:50.140648,2026-07-12 19:40:56.930390,0 days 00:00:06.789742,0.9934165799345365,1.5546328690335454,0.042877653356135095,256,0.16285025215332238,9,3.94708650077905,450,0.0010492618303008172,0.03756780508947145,0.7764271142835945,COMPLETE
28,0.43208474180039624,2026-07-12 19:40:56.930859,2026-07-12 19:41:01.948927,0 days 00:00:05.018068,0.9639276837740285,2.246795499352994,0.020280520652698687,32,1.8605546390039032,5,13.443788079486,400,0.0019530283974161222,0.1340147207574783,0.8568898345409214,COMPLETE
29,0.43438058975112465,2026-07-12 19:41:01.949338,2026-07-12 19:41:11.019284,0 days 00:00:09.069946,0.9002202034800946,1.297903447205252,0.013572822254415055,256,1.0376196306782932,6,9.920498351337608,700,0.007022672797450737,0.024517589253668183,0.820278858161636,COMPLETE
30,0.43603841185307807,2026-07-12 19:41:11.019606,2026-07-12 19:41:22.505664,0 days 00:00:11.486058,0.9091251991358362,0.007994348796093384,0.014159006203052382,256,1.091328924775113,6,9.045672794055257,750,0.02855529568058124,0.026847290431382027,0.8292052672456509,COMPLETE
31,0.4351340455560876,2026-07-12 19:41:22.505979,2026-07-12 19:41:33.348153,0 days 00:00:10.842174,0.9021226615780596,0.4518060072929594,0.009937983562915233,256,0.9955514282058662,6,8.699004695696793,700,0.03511228717688702,0.026914070835955515,0.8289924574811771,COMPLETE
32,0.43519507649006134,2026-07-12 19:41:33.348654,2026-07-12 19:41:44.282768,0 days 00:00:10.934114,0.9032587050682916,0.018181138841496747,0.010301270836814895,256,1.277642702494932,6,8.931763394815787,700,0.22678432704791876,0.006830863470936167,0.8146573946002146,COMPLETE
33,0.43319174837404484,2026-07-12 19:41:44.283095,2026-07-12 19:41:57.686180,0 days 00:00:13.403085,0.8615887013608041,0.08922655862011472,0.0063892987512396025,256,1.4271239644335345,6,5.6553134473572975,750,0.2683281415185651,0.005818733902960001,0.7756310769117307,COMPLETE
34,0.42339068934459945,2026-07-12 19:41:57.686655,2026-07-12 19:42:08.564858,0 days 00:00:10.878203,0.9041654862661435,0.4784618540888578,0.002816709676621611,256,1.001986340068193,5,4.092185854760263,850,1.1286849609835787,0.006999683701041792,0.7458158841988575,COMPLETE
35,0.43502262810693065,2026-07-12 19:42:08.565406,2026-07-12 19:42:25.194192,0 days 00:00:16.628786,0.8573243899731307,0.02280937856074771,0.008898663592793635,256,1.9161968612398113,7,2.037012207365805,750,0.12208831272071125,0.0019689593317524265,0.7962162908317545,COMPLETE
36,0.43487496833432865,2026-07-12 19:42:25.194698,2026-07-12 19:42:40.747944,0 days 00:00:15.553246,0.8165375165813739,0.595189719230638,0.010225217250954632,128,1.9108945955015626,7,1.046703815849336,1000,0.18213205307760078,0.0021070867514586165,0.8025243379984333,COMPLETE
37,0.4023806231419472,2026-07-12 19:42:40.748292,2026-07-12 19:42:49.533998,0 days 00:00:08.785706,0.8594232136024851,0.31050128979679814,0.0011996228624248603,512,0.7693938465733137,4,2.5147838416576223,700,0.09794728920880899,0.0010999043555171336,0.8300019377007352,COMPLETE
38,0.42646103734041196,2026-07-12 19:42:49.534362,2026-07-12 19:43:02.287447,0 days 00:00:12.753085,0.8953704923443798,0.2627679077501439,0.002562833165421969,64,3.2920577433149765,6,7.04454377815535,800,0.05080761784927948,0.010229552180501294,0.7399026390718045,COMPLETE
39,0.43561976226415133,2026-07-12 19:43:02.287781,2026-07-12 19:43:15.024342,0 days 00:00:12.736561,0.7815614856857975,0.68901453610636,0.011354124077472293,32,1.3602234474941983,7,15.261082723696516,900,0.4834071355559164,0.0017315121613095852,0.7000748434083658,COMPLETE
40,0.43102264581803523,2026-07-12 19:43:15.024690,2026-07-12 19:43:24.388846,0 days 00:00:09.364156,0.7672983465764693,3.6873667776784353,0.016973938075497977,32,1.2454996422057754,7,15.11192505895101,900,1.0542797179880716,0.004612940216663927,0.6843302919960326,COMPLETE
41,0.43523516047310257,2026-07-12 19:43:24.389225,2026-07-12 19:43:39.340520,0 days 00:00:14.951295,0.8330461218695322,0.6623419158755337,0.00813104529006663,32,1.9851248354623554,7,9.708586766496879,800,0.35053010298118,0.0019413918099454443,0.7120894184799147,COMPLETE
42,0.43374764525434817,2026-07-12 19:43:39.341088,2026-07-12 19:43:51.419334,0 days 00:00:12.078246,0.788070070165102,0.6701152868048489,0.007119144697841307,32,0.7078914553230182,6,10.171295360098638,850,0.3662739905782377,0.00331910643129801,0.6981789150782143,COMPLETE
43,0.43618101551325716,2026-07-12 19:43:51.419746,2026-07-12 19:44:02.514303,0 days 00:00:11.094557,0.8202688688815819,0.36141461510862744,0.013915459846145008,32,2.1273481594779873,5,7.353287700778593,950,0.933777604780342,0.0012709964724971624,0.6495574918471759,COMPLETE
44,0.4298481699747102,2026-07-12 19:44:02.514678,2026-07-12 19:44:14.501228,0 days 00:00:11.986550,0.7291062716874128,1.005610926863769,0.0041174129075916815,32,3.1486617218110773,5,6.888624397246573,1000,0.7626420608355045,0.0013958878006462394,0.6451016890159317,COMPLETE
45,0.4341307163999312,2026-07-12 19:44:14.501627,2026-07-12 19:44:25.072449,0 days 00:00:10.570822,0.8178733667637308,0.6652503384606526,0.013672801165238765,32,2.148247406260526,4,16.38082743785051,950,1.7713268106853695,0.0016105910609518876,0.6547345139621524,COMPLETE
46,0.42899685716414904,2026-07-12 19:44:25.073510,2026-07-12 19:44:33.157800,0 days 00:00:08.084290,0.7554062829622894,4.921154981535217,0.025010892666505878,32,1.4063861005087446,7,4.695301207274696,900,6.092959030413065,0.0031537823703217745,0.7142678405288975,COMPLETE
47,0.42061921192934665,2026-07-12 19:44:33.158155,2026-07-12 19:44:41.112698,0 days 00:00:07.954543,0.8240289094421022,0.2780825666200571,0.005048797601227225,32,2.8338390690079773,3,10.331244246504989,800,0.508444494981521,0.00812317317060718,0.6201362873297813,COMPLETE
48,0.4332945401982792,2026-07-12 19:44:41.113063,2026-07-12 19:44:52.594932,0 days 00:00:11.481869,0.697594651183584,0.955548021578783,0.007306961918982066,32,2.188609375718667,5,13.843280262654588,950,0.2526802393124224,0.015405048191937295,0.7112282623984861,COMPLETE
49,0.4358248961790367,2026-07-12 19:44:52.595587,2026-07-12 19:45:05.549038,0 days 00:00:12.953451,0.7980871489305934,0.30175241578632456,0.01516961983322824,32,0.5695243862367787,7,23.22097852282746,850,1.8856621987655642,0.0010889995131419087,0.7549690402795548,COMPLETE
50,0.4358684202527172,2026-07-12 19:45:05.549559,2026-07-12 19:45:18.410089,0 days 00:00:12.860530,0.7883296967556827,0.2904399365708008,0.018924134828011543,32,0.6083788479760691,7,23.46485108434088,900,1.7542617646160081,0.0010830090666302673,0.7472817181628112,COMPLETE
51,0.4360305154202342,2026-07-12 19:45:18.410438,2026-07-12 19:45:31.021329,0 days 00:00:12.610891,0.7875704277574662,0.2972354105531051,0.02057490004989828,32,0.5566208632558525,7,23.427959294748693,900,1.886530183495338,0.0010168392131958465,0.7388485844314975,COMPLETE
52,0.43588317583183633,2026-07-12 19:45:31.021941,2026-07-12 19:45:43.680897,0 days 00:00:12.658956,0.7886276005557183,0.29231298639793196,0.020279335890507743,32,0.5638797536780225,7,16.62458473068156,900,2.148603875071567,0.0012297851335767225,0.7561418635254453,COMPLETE
53,0.43559000733310355,2026-07-12 19:45:43.681219,2026-07-12 19:45:55.855525,0 days 00:00:12.174306,0.7995434648805714,0.235716842839311,0.022033245486693567,32,0.45741510731933793,7,23.641078343916256,850,4.401211221452147,0.001045721615569039,0.7547447836802058,COMPLETE
54,0.4358395851595138,2026-07-12 19:45:55.855871,2026-07-12 19:46:06.405526,0 days 00:00:10.549655,0.7495106826944953,0.38364366636129843,0.03264380187758286,32,0.561978828082446,8,22.220319612169646,950,2.0602426724426612,0.0031324153084920326,0.759056507178472,COMPLETE
55,0.4340485931507564,2026-07-12 19:46:06.407108,2026-07-12 19:46:17.623417,0 days 00:00:11.216309,0.7465610199444637,0.42230066599163446,0.034833496552136155,32,0.6195208152794938,8,18.031596466961762,1000,9.010728776161642,0.002743719715838016,0.7246124896713767,COMPLETE
56,0.43423381237623904,2026-07-12 19:46:17.624680,2026-07-12 19:46:27.355822,0 days 00:00:09.731142,0.6901152432254,1.085672021774892,0.02850669781341364,128,1.6315528632926628,8,23.733040885679596,950,2.6979493462208435,0.004385416559399017,0.7862714269311266,COMPLETE
57,0.43414906822342997,2026-07-12 19:46:27.356188,2026-07-12 19:46:39.284007,0 days 00:00:11.927819,0.7209601991775656,0.8423858649337153,0.020101753540968555,32,0.4488925306653176,8,35.86289174617242,900,1.3846241402453874,6.379257187267647,0.7408930041573557,COMPLETE
58,0.1393326763339434,2026-07-12 19:46:39.284419,2026-07-12 19:46:45.475535,0 days 00:00:06.191116,0.6365868544409143,0.21999312444618802,0.03234905779847959,32,0.0015384597214673779,7,19.15315710415803,950,4.025244887774231,0.002579129308008147,0.7615000201714184,COMPLETE
59,0.4357185589316123,2026-07-12 19:46:45.475849,2026-07-12 19:46:58.075639,0 days 00:00:12.599790,0.7440871489876031,0.44501949691568443,0.02573494733648672,512,0.8688304750425074,8,31.85010233117067,1000,0.7479451447153335,0.0014231824076140062,0.6743286470466175,COMPLETE
60,0.43592688714066047,2026-07-12 19:46:58.076094,2026-07-12 19:47:10.727113,0 days 00:00:12.651019,0.7718367101091836,0.17043201153079185,0.01865631708465341,32,9.80133866473918,6,21.78017296556095,900,2.452613064625301,0.0036372610278769275,0.7321843316500956,COMPLETE
61,0.43605800429300895,2026-07-12 19:47:10.727517,2026-07-12 19:47:22.829372,0 days 00:00:12.101855,0.7680297963348918,0.21028060206294333,0.016337341120892582,32,9.321899614991702,6,21.478162538915733,900,2.7203787512006024,0.0036800025759948954,0.7293956827031584,COMPLETE
62,0.43604754991389144,2026-07-12 19:47:22.829745,2026-07-12 19:47:34.532178,0 days 00:00:11.702433,0.7855257162367059,0.12391530291699168,0.017704756640039277,32,9.965696960913665,6,28.331610545503327,850,2.868585615058999,0.0014431227117108053,0.7296010439032302,COMPLETE
63,0.43566259530314316,2026-07-12 19:47:34.533232,2026-07-12 19:47:46.095614,0 days 00:00:11.562382,0.7637903404369882,0.12068945440716353,0.014454051614168935,32,9.645829348255205,6,28.852000332239147,850,3.295859366675943,0.0047152748920145735,0.7303394428198945,COMPLETE
64,0.4319408913213517,2026-07-12 19:47:46.095942,2026-07-12 19:47:56.685731,0 days 00:00:10.589789,0.7792110477819905,0.5578593801885758,0.012622078319331369,32,9.081798726285058,5,38.5187045912701,800,6.736021827347148,0.0023838130096117916,0.6912211014003914,COMPLETE
65,0.4360162233722247,2026-07-12 19:47:56.686256,2026-07-12 19:48:09.109584,0 days 00:00:12.423328,0.8097262458501601,0.1697783770771497,0.021750126239347106,32,7.993289087853947,6,17.71366544536403,900,2.6453924520280014,0.0014561340110220856,0.6689468656026482,COMPLETE
66,0.4355981414259965,2026-07-12 19:48:09.109920,2026-07-12 19:48:20.049841,0 days 00:00:10.939921,0.8111993039918105,0.017284321724622437,0.023434145484621142,64,7.702401622906336,6,26.8357637358476,800,4.945703027467739,0.010872456256605085,0.6305326250788258,COMPLETE
67,0.43425694672075854,2026-07-12 19:48:20.050244,2026-07-12 19:48:30.797932,0 days 00:00:10.747688,0.8447357923734579,0.7945767929830009,0.01636834813664957,512,9.393902075719708,5,20.74008908164965,850,2.699405165258254,0.003896489262293179,0.6607431454584011,COMPLETE
68,0.4362189297393284,2026-07-12 19:48:30.798319,2026-07-12 19:48:41.987320,0 days 00:00:11.189001,0.7672789427025065,0.18677167413480245,0.01661220093361731,128,8.730005027669892,6,11.11393587801733,750,0.8786319378204895,0.0015804172903694988,0.6717784030294364,COMPLETE
69,0.4353012561079015,2026-07-12 19:48:41.987644,2026-07-12 19:48:51.240659,0 days 00:00:09.253015,0.7122235994097231,0.5961338073585648,0.012703814796569662,128,8.101114627813898,5,6.331766992462467,750,0.7156628102216436,0.0016110448623712326,0.6053044315920588,COMPLETE
70,0.4335237692700337,2026-07-12 19:48:51.241103,2026-07-12 19:49:02.350153,0 days 00:00:11.109050,0.8285192287304961,0.003348696410039237,0.03940724198852387,128,8.828324295711424,6,11.482995654260407,750,1.1925994341695063,0.002269463398955358,0.6677578520562331,COMPLETE
71,0.43600000304960657,2026-07-12 19:49:02.350594,2026-07-12 19:49:11.875727,0 days 00:00:09.525133,0.7599545194592566,0.17503059520351016,0.017054756234338175,128,9.969860733091386,6,13.425932899468856,650,1.4272213620235488,0.0015180615527808062,0.6349929755916732,COMPLETE
72,0.4360055693141082,2026-07-12 19:49:11.876135,2026-07-12 19:49:20.666361,0 days 00:00:08.790226,0.7318853101977801,0.4874005758777391,0.027166629280036613,128,6.444225146220058,6,13.429635203781487,600,1.376102614548207,0.0014822820561260633,0.6291186828409419,COMPLETE
73,0.4358774616120746,2026-07-12 19:49:20.666812,2026-07-12 19:49:29.867338,0 days 00:00:09.200526,0.7378272778042402,0.507445691112107,0.027165277530141897,128,7.04573563458944,6,11.964821268099154,650,0.8902275725531448,0.0020042294032726325,0.6202203100668888,COMPLETE
74,0.43513413954205254,2026-07-12 19:49:29.867684,2026-07-12 19:49:34.419589,0 days 00:00:04.551905,0.8046481203311114,0.8080439677133366,0.07423991785519596,128,5.1649309876513,5,7.700927634617998,550,3.069370332750727,0.005745991783249624,0.6487908255927212,COMPLETE
75,0.42860741438842975,2026-07-12 19:49:34.420971,2026-07-12 19:49:44.047064,0 days 00:00:09.626093,0.9454036454508397,0.4074300347953701,0.00848471637255971,128,8.49583085710603,6,7.962013734289035,600,9.86860046980474,0.0013179789585892876,0.6759437489813142,COMPLETE
76,0.4361505865579899,2026-07-12 19:49:44.047548,2026-07-12 19:49:59.397442,0 days 00:00:15.349894,0.7759846401771984,0.14497906943292216,0.011332124340604608,128,8.942336643478914,6,17.64630672696021,950,0.018862658526409486,0.002545514071115999,0.6397276047319302,COMPLETE
77,0.4357240184416319,2026-07-12 19:49:59.397820,2026-07-12 19:50:10.914330,0 days 00:00:11.516510,0.8761273489623063,0.1865082207959426,0.01128942873854407,128,8.994922576986648,5,18.515919129046146,950,0.009594735190412082,0.002418150562020609,0.6414413046767018,COMPLETE
