number,value,datetime_start,datetime_complete,duration,params_colsample_bytree,params_gamma,params_learning_rate,params_max_bin,params_max_delta_step,params_max_depth,params_min_child_weight,params_n_estimators,params_reg_alpha,params_reg_lambda,params_subsample,state
159,0.42381737579145823,2026-06-14 11:58:38.083518,2026-06-14 11:58:42.587231,0 days 00:00:04.503713,0.6290378737976954,4.234547299572499,0.09716081500491376,256,8.476640682396015,4,3.443813139810529,750,0.10997363174129636,0.007286723925689484,0.7521659943232337,COMPLETE
160,0.4234832630770806,2026-06-14 11:58:42.587861,2026-06-14 11:58:47.886487,0 days 00:00:05.298626,0.8560171436483678,3.348792105979266,0.0807869264817357,256,8.02765843625381,4,2.3139655540098327,800,0.06874792037949533,1.4301083273428614,0.7208157982759829,COMPLETE
161,0.42388339787825285,2026-06-14 11:58:47.887806,2026-06-14 11:58:53.215416,0 days 00:00:05.327610,0.8069387739189473,2.9179185989001546,0.049963067669933484,256,7.725106884730409,4,3.815760802326469,700,0.055921238231912015,1.147360798576053,0.7596914821381116,COMPLETE
162,0.42410623915375467,2026-06-14 11:58:53.216018,2026-06-14 11:58:58.512976,0 days 00:00:05.296958,0.666815970784042,2.9792774134713365,0.04780100529428847,256,8.198663867607427,4,4.258513038396989,700,0.04808137314314035,0.974698733011665,0.7443695075343674,COMPLETE
163,0.4241585678101251,2026-06-14 11:58:58.513512,2026-06-14 11:59:03.592810,0 days 00:00:05.079298,0.6614991985392222,2.852001398832383,0.06564278449860422,256,7.319061887828077,4,4.312985547155058,700,0.0397381135478889,0.9809920194192676,0.742261617426238,COMPLETE
164,0.42439246023587385,2026-06-14 11:59:03.593388,2026-06-14 11:59:08.911889,0 days 00:00:05.318501,0.6456804141038779,2.8092858995456336,0.04323058329985311,256,7.236755418986492,4,4.79488287200297,650,2.7402771076545083,0.7215675764896694,0.730564452007302,COMPLETE
165,0.42417792122147785,2026-06-14 11:59:08.912622,2026-06-14 11:59:14.237478,0 days 00:00:05.324856,0.6447480978580016,2.8179824701826828,0.044536372012515174,256,7.288446012118253,4,4.814017559835706,650,0.6570084468283419,0.9055440395528855,0.7279291465911873,COMPLETE
166,0.4241546080466934,2026-06-14 11:59:14.238192,2026-06-14 11:59:19.594115,0 days 00:00:05.355923,0.6455008123050794,2.7852534425660336,0.0434910721983682,256,6.6023911398438075,4,4.923073351705381,650,3.0621137163211043,0.8137934606834663,0.7306319233417278,COMPLETE
167,0.42404896260244407,2026-06-14 11:59:19.594733,2026-06-14 11:59:25.051071,0 days 00:00:05.456338,0.64389094901961,2.773745173830323,0.041925612630296726,256,6.583172902979659,4,5.589039450524412,650,1.6401385747479744,0.7759347175869425,0.729160571409027,COMPLETE
168,0.4234720030104396,2026-06-14 11:59:25.051799,2026-06-14 11:59:30.007072,0 days 00:00:04.955273,0.6396040101088007,2.801473160470573,0.04053233903199411,256,6.5463794256501044,3,5.450681995760773,650,2.8751064284497354,0.8417753021569595,0.7318348423408358,COMPLETE
169,0.4237763872500836,2026-06-14 11:59:30.007662,2026-06-14 11:59:35.344993,0 days 00:00:05.337331,0.6239533098547311,2.6908551058795807,0.04551198385117145,256,6.705551016840104,4,6.4441679637546505,650,3.5787007449162087,0.6989994119674794,0.7278519590859471,COMPLETE
170,0.423839594938058,2026-06-14 11:59:35.346711,2026-06-14 11:59:40.611898,0 days 00:00:05.265187,0.6337681040040389,2.7480914425759555,0.045405188995712296,256,6.94108384038423,4,4.8135255391762115,650,1.0698255671876675,0.740556609034812,0.7387601083337867,COMPLETE
171,0.4236151889414109,2026-06-14 11:59:40.612567,2026-06-14 11:59:45.478407,0 days 00:00:04.865840,0.6455484749900949,2.994041700619072,0.06188203023213461,256,7.247373322131468,4,33.33806073134243,650,1.960014470282025,0.943881261488228,0.7004182563168085,COMPLETE
172,0.4235935855834386,2026-06-14 11:59:45.478927,2026-06-14 11:59:50.843293,0 days 00:00:05.364366,0.6653436541253682,3.0943748278102374,0.04034061837889389,256,6.420454723041448,4,4.933914827949655,650,5.3636973079075565,0.49295896911948967,0.7119879310781206,COMPLETE
173,0.42370632956881005,2026-06-14 11:59:50.843974,2026-06-14 11:59:56.077343,0 days 00:00:05.233369,0.6470043904786721,2.825704281913682,0.06020343994266852,256,7.077349422692353,4,5.673370642629006,700,1.4355475741996806,0.9015481312329913,0.7272027933812694,COMPLETE
174,0.4236664427420722,2026-06-14 11:59:56.078016,2026-06-14 12:00:01.467964,0 days 00:00:05.389948,0.6588935516005539,3.1510029447807377,0.037758135726526455,256,8.331569257201235,4,4.542699662031078,650,4.410684257248182,0.7438254551404356,0.7360806508728501,COMPLETE
