number,value,datetime_start,datetime_complete,duration,params_colsample_bytree,params_gamma,params_learning_rate,params_max_bin,params_max_delta_step,params_max_depth,params_min_child_weight,params_n_estimators,params_reg_alpha,params_reg_lambda,params_subsample,state
0,0.3881538581345705,2026-06-14 11:44:44.239297,2026-06-14 11:44:46.727815,0 days 00:00:02.488518,0.7336965109951192,4.487250383183467,0.0017395836700465595,128,8.609276108267105,3,1.7185093220925296,100,0.0021035962597516404,0.6805042577044649,0.8762851099952316,COMPLETE
1,0.40967272289527823,2026-06-14 11:44:46.729073,2026-06-14 11:44:52.778595,0 days 00:00:06.049522,0.8187551880842013,3.1138316159409216,0.0038603296336352454,512,2.2088035965473796,3,2.325672202997012,650,0.5085604340348834,0.0027001171991069303,0.6932218399619614,COMPLETE
2,0.4138830888224141,2026-06-14 11:44:52.779519,2026-06-14 11:44:59.327710,0 days 00:00:06.548191,0.7911614497066362,0.09631723090059607,0.004545609507592599,64,5.395328407457534,3,20.485171398065017,850,0.10930343095154485,0.040004044984128725,0.9377153810324746,COMPLETE
3,0.41949735808545113,2026-06-14 11:44:59.328259,2026-06-14 11:45:24.853049,0 days 00:00:25.524790,0.8627406853234234,3.8413734840921814,0.0017791429036237195,512,5.854602268903334,8,1.5721914806975226,900,1.819975054335089,0.003006325397383438,0.8582837906690373,COMPLETE
4,0.4230621013348174,2026-06-14 11:45:24.853990,2026-06-14 11:45:27.919697,0 days 00:00:03.065707,0.6957700632573646,0.8870939329965494,0.14766360264683295,256,9.021024408840274,5,18.5670188121394,400,4.951995617528496,0.1018793408741699,0.9965810439376565,COMPLETE
5,0.4221313761369495,2026-06-14 11:45:27.920235,2026-06-14 11:45:30.295271,0 days 00:00:02.375036,0.83056884305173,3.65551279134285,0.16147937530951198,256,6.522726201851665,4,2.847738531422427,350,0.3379527175906452,0.0026847090122815546,0.9197145558437303,COMPLETE
6,0.4211411499662163,2026-06-14 11:45:30.295818,2026-06-14 11:45:46.641288,0 days 00:00:16.345470,0.6524552483018328,2.1051654601874055,0.0029194417688181247,512,9.545037244812658,8,4.901502161481214,600,0.1251723420608142,0.0013119863229189392,0.9070306913347042,COMPLETE
7,0.4226443189745142,2026-06-14 11:45:46.642279,2026-06-14 11:45:50.875380,0 days 00:00:04.233101,0.6415272104944959,3.0820106896200965,0.04161338345457836,64,9.608845404044558,7,2.5106804749412,300,0.0145185296124175,4.616683176471007,0.8090075007202243,COMPLETE
8,0.40741074187336207,2026-06-14 11:45:50.876503,2026-06-14 11:45:56.097306,0 days 00:00:05.220803,0.8769612286907068,2.0469205677212154,0.19961314638427144,512,4.9016966606821635,8,3.55791432215308,700,0.11186904991857843,0.2480141749089264,0.8217666342425334,COMPLETE
9,0.4091956511782155,2026-06-14 11:45:56.097832,2026-06-14 11:45:58.237721,0 days 00:00:02.139889,0.9685777991565717,1.7726281110131121,0.0035526006386852912,32,3.1536594062821055,6,4.570760609632941,100,0.19061777367041233,0.06451996944274008,0.613420783369158,COMPLETE
10,0.41637922258169874,2026-06-14 11:45:58.238322,2026-06-14 11:46:09.554732,0 days 00:00:11.316410,0.9995258174926263,0.06724641543929111,0.04795325481213617,256,0.5621145404195227,10,46.176813711485366,450,7.580261333737954,8.009575936969709,0.9912373351576312,COMPLETE
11,0.4229161588608329,2026-06-14 11:46:09.555481,2026-06-14 11:46:14.525903,0 days 00:00:04.970422,0.6169098342329792,1.1522665905368266,0.026670215510198065,64,7.985521296576049,6,11.20999403081359,300,0.006812101053003447,4.430658258697768,0.7596117132498829,COMPLETE
12,0.42262508967541706,2026-06-14 11:46:14.526721,2026-06-14 11:46:18.857864,0 days 00:00:04.331143,0.6115852825175425,1.0647033281450786,0.018059532736510658,256,7.667998853218665,5,11.741581486740577,300,0.0014216474668055353,1.310488075180272,0.7406376161920613,COMPLETE
13,0.3667203817730411,2026-06-14 11:46:18.858588,2026-06-14 11:46:24.138087,0 days 00:00:05.279499,0.7033052867716861,1.0830818905544206,0.4730443363602811,64,7.7107592072578175,5,11.097306360450773,450,0.021354953167235628,0.02575463532197174,0.6051366334097599,COMPLETE
14,0.4199468761827105,2026-06-14 11:46:24.138643,2026-06-14 11:46:27.560027,0 days 00:00:03.421384,0.7075133748964014,0.8629069791319139,0.014958848453300632,32,7.561808224378487,6,23.558740374057187,200,9.686534687973662,0.2511784285036958,0.7376936210484275,COMPLETE
15,0.4232493656330196,2026-06-14 11:46:27.560536,2026-06-14 11:46:31.100427,0 days 00:00:03.539891,0.7492209581102768,1.5272061727502058,0.06571407338698648,128,8.730630141016178,5,8.336975892602823,500,0.009482642407624624,0.011989340945086933,0.9880522669970793,COMPLETE
16,0.42220571121213,2026-06-14 11:46:31.100997,2026-06-14 11:46:34.121275,0 days 00:00:03.020278,0.7533394586406819,1.6826473764644676,0.09979638332286445,128,9.95109433657582,5,6.786980522405354,500,1.1326557936132866,0.010238471382364332,0.9992323568742402,COMPLETE
17,0.4192675815777839,2026-06-14 11:46:34.121781,2026-06-14 11:46:37.813645,0 days 00:00:03.691864,0.6740775859566951,2.7000715040910173,0.3715402783211563,128,8.796551782524746,4,22.765234472307228,800,0.03727803703398269,0.12188652844102156,0.9546100482616349,COMPLETE
18,0.42250573024733545,2026-06-14 11:46:37.814229,2026-06-14 11:46:42.261142,0 days 00:00:04.446913,0.7729839126048197,0.49778414201086174,0.08378561743553677,128,6.517034997452136,4,43.34631949692722,600,0.004978538442507995,0.01108123309480249,0.9687125353453175,COMPLETE
19,0.42078212570759044,2026-06-14 11:46:42.261690,2026-06-14 11:46:46.686958,0 days 00:00:04.425268,0.8999744516085382,2.4550828708354113,0.0797946320497528,256,4.378978458221146,10,7.598741002037346,500,2.604221222365007,0.009023810632696125,0.8966304439787846,COMPLETE
20,0.4183785024438803,2026-06-14 11:46:46.687528,2026-06-14 11:46:51.423769,0 days 00:00:04.736241,0.7050152709139483,1.611422884169649,0.22789272887057743,128,6.669385611689009,7,16.556997485720487,1000,0.05235319432297311,0.020720820270973654,0.9574109435712896,COMPLETE
21,0.4232138275917606,2026-06-14 11:46:51.424338,2026-06-14 11:46:56.474895,0 days 00:00:05.050557,0.6174689802222509,1.265314191686197,0.019579787876683467,64,8.605269366599584,6,10.474520318761957,350,0.006420441015374457,1.8704220683737318,0.8163148793018531,COMPLETE
22,0.42164870685137534,2026-06-14 11:46:56.475424,2026-06-14 11:47:01.151454,0 days 00:00:04.676030,0.6694913929460793,1.424048998614113,0.011806410460829747,64,8.791627879567676,5,8.088899132909,400,0.004329098904418433,1.2140559125141506,0.6578528835190981,COMPLETE
23,0.41978156329379734,2026-06-14 11:47:01.152027,2026-06-14 11:47:05.419542,0 days 00:00:04.267515,0.7395622439689092,0.6046340792251672,0.00801766968814393,256,8.640429429688696,7,15.825158434698677,200,0.011746827344375531,0.12310232621568294,0.834448934181009,COMPLETE
24,0.4193513184338368,2026-06-14 11:47:05.420088,2026-06-14 11:47:12.792582,0 days 00:00:07.372494,0.6849538715691512,0.4827220435528051,0.03994489004625921,32,7.030862377675383,6,30.555046624471306,550,0.002868007687577312,0.6855557541980011,0.7876909800949515,COMPLETE
25,0.42268591514535636,2026-06-14 11:47:12.793172,2026-06-14 11:47:15.086337,0 days 00:00:02.293165,0.602109437967062,1.3607769935755973,0.12617142263242045,64,9.156921110423966,4,14.031301509666298,200,0.04623868902078639,2.5076062727581467,0.8627295430510846,COMPLETE
26,0.4235105014693567,2026-06-14 11:47:15.086875,2026-06-14 11:47:18.232393,0 days 00:00:03.145518,0.6507592991715694,2.215547615558812,0.07107180306083886,256,8.322518246988254,5,1.0825934622495539,400,0.009544979420993844,0.3864033804357807,0.9758158531883407,COMPLETE
27,0.42309916948538484,2026-06-14 11:47:18.233014,2026-06-14 11:47:22.770102,0 days 00:00:04.537088,0.6374330377485952,2.3051187042729366,0.061101581675437756,128,8.206059151337445,6,1.035425746768189,700,0.0010616472062554268,0.3522563416881507,0.9296441990641778,COMPLETE
28,0.4221772956866669,2026-06-14 11:47:22.770608,2026-06-14 11:47:27.478215,0 days 00:00:04.707607,0.6284808590889243,2.7347288946936787,0.0291855783223592,64,7.083395752576666,7,5.706184488654199,400,0.009546820327359188,1.4614093830536041,0.9687049992388872,COMPLETE
29,0.4208353001565122,2026-06-14 11:47:27.478742,2026-06-14 11:47:30.432573,0 days 00:00:02.953831,0.7349717236020668,4.851562278761216,0.023954530605607385,128,8.346362298670114,9,1.4527140335886277,100,0.02245165199842771,0.5267192963566567,0.8842907926846842,COMPLETE
30,0.4152886534391921,2026-06-14 11:47:30.433092,2026-06-14 11:47:33.217736,0 days 00:00:02.784644,0.6579227788357159,2.0472670647314977,0.00967533909762998,256,5.902731270849757,4,1.094522928664522,250,0.0022825129060604966,3.2374884654964733,0.674487981394231,COMPLETE
31,0.42289916506841785,2026-06-14 11:47:33.218247,2026-06-14 11:47:37.873617,0 days 00:00:04.655370,0.6363875337521678,2.2488126704379128,0.06505298786648035,128,8.269184686965747,6,1.017243535605618,750,0.001042167787312231,0.35755737130689225,0.9235158373145758,COMPLETE
32,0.423738271519832,2026-06-14 11:47:37.874131,2026-06-14 11:47:42.445290,0 days 00:00:04.571159,0.6501109385779853,2.6236598110167577,0.04641948928130904,128,7.40391602316718,6,1.94050379911213,650,0.0028220490937945516,0.6689576309160601,0.9322625407979142,COMPLETE
33,0.4142876635268055,2026-06-14 11:47:42.445853,2026-06-14 11:47:46.685932,0 days 00:00:04.240079,0.7927437634691412,3.3021642943726235,0.006962928174874311,128,7.100982966732513,3,1.4801435494516848,550,0.004291882301723126,1.043817763191011,0.9461284647291464,COMPLETE
34,0.4233328148907643,2026-06-14 11:47:46.686490,2026-06-14 11:47:51.441630,0 days 00:00:04.755140,0.7265017680450279,2.64243869532398,0.03215967908741835,128,9.553889005383851,5,1.748813663285236,650,0.007189310923540666,2.5017919307848824,0.9733869633457615,COMPLETE
35,0.4228196166593257,2026-06-14 11:47:51.442191,2026-06-14 11:47:56.034825,0 days 00:00:04.592634,0.7666938106486361,2.7387065487785702,0.03389153226411264,128,9.942652578540367,5,1.6756295404678345,650,0.002465293443179358,8.893268471873812,0.9791351554498514,COMPLETE
36,0.39524960856849845,2026-06-14 11:47:56.035354,2026-06-14 11:48:01.002625,0 days 00:00:04.967271,0.7231474961639708,3.2742575507339753,0.0010195508287062487,128,9.3536754325035,3,2.0766739834883374,650,0.016784388918560912,0.8115538047785407,0.9391412697943515,COMPLETE
37,0.42275662239241607,2026-06-14 11:48:01.003142,2026-06-14 11:48:05.917200,0 days 00:00:04.914058,0.8091430953163281,4.05890739737995,0.051870132045174606,128,7.51702228754178,5,3.288734870961862,900,0.009352661125740314,0.0044599361251934965,0.9076033322113952,COMPLETE
38,0.42228282503854897,2026-06-14 11:48:05.917698,2026-06-14 11:48:09.323932,0 days 00:00:03.406234,0.8303747485745804,2.9311562244246843,0.09865991389431247,512,9.269812041381053,5,2.0306048531158587,550,0.0035362296545766022,0.0013619470613827525,0.9820451151579281,COMPLETE
39,0.42288637836183673,2026-06-14 11:48:09.324483,2026-06-14 11:48:13.288490,0 days 00:00:03.964007,0.7180859295272395,3.6511969460880547,0.13604195666398128,128,5.984648020201903,4,1.342903542775264,800,0.027461621476311454,0.04574537876608344,0.8673917157203844,COMPLETE
40,0.4179232457475413,2026-06-14 11:48:13.289071,2026-06-14 11:48:16.623194,0 days 00:00:03.334123,0.676160634612581,1.8526166027434623,0.3010969895176348,128,0.3417872955797465,7,2.5367734959214414,600,0.07099549845593915,0.18371004437444077,0.9555878800061057,COMPLETE
41,0.42365851187485715,2026-06-14 11:48:16.623783,2026-06-14 11:48:21.825681,0 days 00:00:05.201898,0.6554405517101418,2.4945507377716387,0.019463878545209812,256,8.632496552140115,6,1.2600055543026571,350,0.005648364435562286,2.130324788220156,0.8355327171557922,COMPLETE
42,0.4233358005411675,2026-06-14 11:48:21.826343,2026-06-14 11:48:26.788589,0 days 00:00:04.962246,0.6906648907575027,2.4911560881433266,0.04034384923897753,256,9.1599115524851,6,1.2253936829031977,450,0.009136587272262204,3.8452699154039065,0.8441903712512989,COMPLETE
43,0.42374348409814466,2026-06-14 11:48:26.789102,2026-06-14 11:48:31.529031,0 days 00:00:04.739929,0.6548320559391798,2.6050833917319385,0.034733485974555924,256,9.55416092925564,6,1.2937474231197945,350,0.0016008569255827093,4.536367166708498,0.8436781546474934,COMPLETE
44,0.42355849174528687,2026-06-14 11:48:31.529599,2026-06-14 11:48:38.123085,0 days 00:00:06.593486,0.655385876355382,2.423442964768081,0.02144018740368068,256,8.016533198084701,7,1.2581112971583241,350,0.0016413377815187812,5.4295676010591,0.8405622018639493,COMPLETE
45,0.42323703831860415,2026-06-14 11:48:38.123645,2026-06-14 11:48:46.208363,0 days 00:00:08.084718,0.65396227902385,3.0059983389517018,0.01307330309746812,256,8.22866890633838,8,1.9458492743715259,350,0.0018168354000185902,5.565309990957774,0.7950895461432169,COMPLETE
46,0.42326654652113643,2026-06-14 11:48:46.209039,2026-06-14 11:48:51.480448,0 days 00:00:05.271409,0.6658542720349392,2.301873676959743,0.020543029152466714,256,7.766936316899062,7,1.2613489103247058,250,0.0013717030771735054,6.1687326358986025,0.8419885352472801,COMPLETE
47,0.4213634250819743,2026-06-14 11:48:51.481927,2026-06-14 11:49:00.462202,0 days 00:00:08.980275,0.647240930747908,3.4986489159487055,0.006084114875097167,256,7.250065006831722,8,2.894165866315861,350,0.0017675662173469362,2.2085490443870897,0.8798494204157137,COMPLETE
48,0.42361565758453457,2026-06-14 11:49:00.462818,2026-06-14 11:49:08.598240,0 days 00:00:08.135422,0.6242638535924175,2.019703602300046,0.01611500875634728,256,6.398869755627292,7,1.7085908880686054,400,0.0032234640989654098,0.43796996615340233,0.7902718238239546,COMPLETE
49,0.42286359622740266,2026-06-14 11:49:08.598823,2026-06-14 11:49:14.117641,0 days 00:00:05.518818,0.6257544707602414,1.9207352230758041,0.015540131015748816,256,5.3301197021366296,7,2.359492283667907,250,0.0030416865915918016,3.260909295588618,0.7720511535259997,COMPLETE
50,0.42198302207677446,2026-06-14 11:49:14.118237,2026-06-14 11:49:18.495773,0 days 00:00:04.377536,0.6053091306543702,2.9102519771508972,0.023067687246268093,256,4.4216896713184966,9,4.065547307065315,150,0.0015952696764959529,9.60003028355677,0.7120123053284112,COMPLETE
51,0.4228527895991113,2026-06-14 11:49:18.496371,2026-06-14 11:49:24.741037,0 days 00:00:06.244666,0.6548938663772219,2.157841108700677,0.010412895267357086,256,6.462034821835148,6,1.7002631460170154,400,0.006092030367694588,0.558999265986894,0.8247152211930594,COMPLETE
52,0.423280321613879,2026-06-14 11:49:24.741594,2026-06-14 11:49:29.965212,0 days 00:00:05.223618,0.6871250562335305,2.5112400918923177,0.017791073414979236,256,1.7119947063923746,6,1.1931247218470715,300,0.003605591598555267,0.4002202923847979,0.8030699675793243,COMPLETE
53,0.42196236277862925,2026-06-14 11:49:29.965824,2026-06-14 11:49:35.967701,0 days 00:00:06.001877,0.6407941476904104,1.9546042959344283,0.04865649906896984,256,7.918544727061163,7,1.514661833639038,450,0.0021773403387860715,0.9188765981634675,0.7793170283877201,COMPLETE
54,0.4201039231746921,2026-06-14 11:49:35.968279,2026-06-14 11:49:42.871740,0 days 00:00:06.903461,0.6226139559163879,3.22236189713553,0.005104201849154801,256,6.66217838486362,6,1.8951929952004691,400,0.005231798144540666,0.20857065832841123,0.7600958037162933,COMPLETE
55,0.42254509746753943,2026-06-14 11:49:42.872358,2026-06-14 11:49:49.761895,0 days 00:00:06.889537,0.6682989576538322,2.4775855590626126,0.026211927210687047,256,6.220229799037585,8,1.3017445365943319,350,0.016292804595086367,1.6329186552521022,0.8547760026522561,COMPLETE
56,0.4227447776200445,2026-06-14 11:49:49.764026,2026-06-14 11:49:55.408016,0 days 00:00:05.643990,0.6997845811348449,1.6836229549144015,0.03442237773358342,512,5.351475882541875,7,2.2637008550323845,300,0.002631761164179683,4.713262221000149,0.90230604341196,COMPLETE
57,0.4232290972634029,2026-06-14 11:49:55.408532,2026-06-14 11:50:02.396635,0 days 00:00:06.988103,0.6010730301057912,2.79204571944986,0.014851860056251841,32,7.492598660493151,6,1.1328491011484834,450,0.0012120465156236567,6.562771055406463,0.811013149816671,COMPLETE
58,0.42069464058192646,2026-06-14 11:50:02.397273,2026-06-14 11:50:09.845625,0 days 00:00:07.448352,0.6512759308579041,2.141509116422376,0.07738710701956056,256,8.865763287167557,6,2.7992630173644675,500,0.003619765841027453,0.08902067706778369,0.7349691990884405,COMPLETE
59,0.42312989497946074,2026-06-14 11:50:09.846435,2026-06-14 11:50:29.420209,0 days 00:00:19.573774,0.6811068059054158,2.402539124531086,0.00893505883900791,256,8.432770871052725,8,1.3911715377916183,1000,0.012510988098079616,0.5455372849431405,0.830931255123342,COMPLETE
60,0.423510123159261,2026-06-14 11:50:29.420785,2026-06-14 11:50:33.133783,0 days 00:00:03.712998,0.619777991251151,3.1014569149040923,0.05429981032232021,256,9.76911906863324,7,1.6170430567425862,250,0.00184367958502095,0.29795683685988017,0.8880658424199483,COMPLETE
61,0.42323216556986143,2026-06-14 11:50:33.134326,2026-06-14 11:50:36.685785,0 days 00:00:03.551459,0.6304339207722176,2.5630705751003826,0.055312293318099455,256,9.99572497428404,7,1.6378200066311546,250,0.0018582593839765538,0.17329206370711275,0.8506957035240106,COMPLETE
62,0.42271216670140144,2026-06-14 11:50:36.686305,2026-06-14 11:50:40.703165,0 days 00:00:04.016860,0.6138988146873737,3.0750864686706025,0.042044199989618176,256,9.621433137711405,7,1.7895020845604224,350,0.0014677944726347845,0.2734862262585007,0.8929657457300075,COMPLETE
63,0.42206108398622816,2026-06-14 11:50:40.703827,2026-06-14 11:50:43.265893,0 days 00:00:02.562066,0.6621660295038578,3.417514843005267,0.1044661322057686,256,8.025962741913949,7,1.4963647759808623,300,0.005303889937132858,1.1586701778166792,0.9111350240612082,COMPLETE
64,0.42113965685585375,2026-06-14 11:50:43.266427,2026-06-14 11:50:44.962887,0 days 00:00:01.696460,0.6424494231525382,2.826147398058189,0.195509367310502,256,9.047532347667069,6,1.145150792144943,150,0.0025442145895480353,0.6790181661271456,0.8744121978856958,COMPLETE
65,0.42195039714937455,2026-06-14 11:50:44.963419,2026-06-14 11:50:50.228691,0 days 00:00:05.265272,0.9249054717881188,2.2765123787722663,0.02719280393210876,32,9.656774302570247,7,1.0006284612919307,400,0.007076699264002031,0.4056343982329244,0.8878097793882124,COMPLETE
66,0.42217324898506153,2026-06-14 11:50:50.229232,2026-06-14 11:50:53.489875,0 days 00:00:03.260643,0.6180152887673278,3.1167357933830133,0.07207501989046748,256,8.586627428718405,8,2.1345696132561627,300,0.004002375189866756,1.818423271709403,0.8652493576083052,COMPLETE
67,0.4221354436760375,2026-06-14 11:50:53.490541,2026-06-14 11:50:56.935870,0 days 00:00:03.445329,0.7090015858531238,3.9299339795493182,0.02228492158111577,512,6.97860588275755,6,1.3211621347029248,200,0.5659326146854136,2.9130881343340835,0.9263226414733571,COMPLETE
68,0.4233358840146746,2026-06-14 11:50:56.936405,2026-06-14 11:51:01.779782,0 days 00:00:04.843377,0.634984406808975,1.8308335323617215,0.017768678085967677,256,7.9740227089095805,5,1.5697254985718836,400,0.0010949236200992441,0.2703186324298536,0.8210268972249147,COMPLETE
69,0.4240053378167053,2026-06-14 11:51:01.780331,2026-06-14 11:51:06.208020,0 days 00:00:04.427689,0.6747094489113814,2.0255852110423573,0.039172956641109376,256,7.364278873093017,6,2.547731787653963,350,0.0031292821345112526,0.11200792325673056,0.8014242636892306,COMPLETE
70,0.42324674730888034,2026-06-14 11:51:06.208541,2026-06-14 11:51:11.672301,0 days 00:00:05.463760,0.682992267412886,2.073631377682819,0.03514259981336844,256,7.368362165450074,6,3.565483228573943,500,0.007983710373169,0.07722655859187992,0.7984947210683179,COMPLETE
71,0.422975994465694,2026-06-14 11:51:11.672859,2026-06-14 11:51:15.870767,0 days 00:00:04.197908,0.6659227552480481,2.625939449018233,0.05757496541894363,256,6.7469287389866786,7,2.6453479172907963,350,0.0027839667262987374,0.1399168765488369,0.8381127592645848,COMPLETE
72,0.42284850137940283,2026-06-14 11:51:15.871318,2026-06-14 11:51:21.149792,0 days 00:00:05.278474,0.6476279339087807,1.5467718570547326,0.042399266006941536,256,8.90659691451106,6,3.095295881077366,400,0.00202532238452329,0.04634647791385102,0.7860501484487176,COMPLETE
73,0.4235417523995445,2026-06-14 11:51:21.150311,2026-06-14 11:51:24.760065,0 days 00:00:03.609754,0.6959392162046418,2.3246781894135955,0.0286784795862042,256,8.512981491159804,5,1.8972962679456167,250,0.004888706882124202,0.7362491286600359,0.8132741187606665,COMPLETE
74,0.4241263188121279,2026-06-14 11:51:24.760627,2026-06-14 11:51:29.040401,0 days 00:00:04.279774,0.6743992038071223,2.369148990561728,0.029329881879155344,256,7.75427462045282,5,1.85765746022775,350,0.004600186094859403,0.8454358531499712,0.761831827295388,COMPLETE
75,0.4239997724263169,2026-06-14 11:51:29.040912,2026-06-14 11:51:33.215822,0 days 00:00:04.174910,0.6964360512234713,2.345449580756419,0.030317441027630735,256,7.5672956690244115,5,2.344321578865527,350,0.005359485936388163,1.302926586136658,0.7544837926109167,COMPLETE
76,0.42094699707607186,2026-06-14 11:51:33.216326,2026-06-14 11:51:37.395417,0 days 00:00:04.179091,0.6769375412676029,1.9859931496006473,0.011800448637303524,64,7.707379228728888,5,2.377085206732082,350,0.003433890402656817,2.2721449000954146,0.7505884819949875,COMPLETE
77,0.4219221711222879,2026-06-14 11:51:37.395965,2026-06-14 11:51:41.655151,0 days 00:00:04.259186,0.7121062225382785,1.738265224217809,0.01591076575079193,32,6.930555390028536,4,3.793265381894027,450,0.005910632933924238,1.5407042760349272,0.7253711116974726,COMPLETE
78,0.42327850814619844,2026-06-14 11:51:41.655676,2026-06-14 11:51:45.974546,0 days 00:00:04.318870,0.7460288600455914,2.644203505182955,0.020377121032086144,256,7.290583796684305,5,2.119689881222773,350,0.004216064716621372,4.298394878861676,0.7654440603682638,COMPLETE
