number,value,datetime_start,datetime_complete,duration,params_colsample_bytree,params_gamma,params_learning_rate,params_max_bin,params_max_delta_step,params_max_depth,params_min_child_weight,params_n_estimators,params_reg_alpha,params_reg_lambda,params_subsample,state
78,0.43035708495766684,2026-07-12 19:50:10.914665,2026-07-12 19:50:23.513994,0 days 00:00:12.599329,0.8439772023297444,3.4343892654338246,0.006014149044532468,64,8.2145042979983,6,25.83357709564249,1000,0.015273557111426098,0.020191941406906885,0.6608570408219706,COMPLETE
79,0.4342064352677677,2026-07-12 19:50:23.514364,2026-07-12 19:50:34.060121,0 days 00:00:10.545757,0.7823953270582036,0.16565838586555115,0.01144137793013415,512,9.279843945250931,4,5.533210874251701,850,0.02812907449888556,0.11263761990056295,0.7031424935097373,COMPLETE
80,0.43000354894413534,2026-07-12 19:50:34.060587,2026-07-12 19:50:42.258486,0 days 00:00:08.197899,0.7955380873155172,4.229154309144172,0.015528692632953502,32,8.61992001823315,5,33.61429050714421,800,0.06564521270269018,0.0018460038282659477,0.6807131399663133,COMPLETE
81,0.43579059916524593,2026-07-12 19:50:42.258823,2026-07-12 19:50:53.423165,0 days 00:00:11.164342,0.7309162513646055,0.46655352227528624,0.021834204537915795,128,6.940705769047757,6,11.338553515970146,950,0.021378258349223172,0.0010271785205399216,0.6221473573459002,COMPLETE
82,0.43551977203518144,2026-07-12 19:50:53.423550,2026-07-12 19:51:01.762391,0 days 00:00:08.338841,0.7695013893611812,0.70266744354912,0.05186513006363272,128,7.850367311294972,6,14.149696806105673,900,1.5480608524038177,0.0014345312364321319,0.691292796006355,COMPLETE
83,0.4356746400206883,2026-07-12 19:51:01.762841,2026-07-12 19:51:11.358103,0 days 00:00:09.595262,0.7578657734261881,0.344454913022603,0.028399112707917513,128,6.3215306249280365,6,13.023551412119982,700,0.6212722382462346,0.0028515730540576542,0.6134642833969597,COMPLETE
84,0.43400331492768734,2026-07-12 19:51:11.358524,2026-07-12 19:51:21.878883,0 days 00:00:10.520359,0.8073796428712796,0.0024164416619938955,0.008789343517026739,128,9.589220975621771,5,10.930657496667088,850,0.9897958071329822,0.001840750693823126,0.6340876876690422,COMPLETE
85,0.43585881717468933,2026-07-12 19:51:21.879236,2026-07-12 19:51:33.361404,0 days 00:00:11.482168,0.7764310044885085,0.5519250728457348,0.013987518022622662,128,8.762057605379894,6,17.681430209025866,900,0.005611343927493729,0.03766332415886528,0.600592031794277,COMPLETE
86,0.436046935300371,2026-07-12 19:51:33.361874,2026-07-12 19:51:46.494895,0 days 00:00:13.133021,0.8192972865391444,0.1580188772362492,0.02305813381404039,32,9.287761500576133,6,15.087853626150395,1000,5.042883110989359,0.0013139223720957706,0.6607555070506056,COMPLETE
87,0.4353521385805109,2026-07-12 19:51:46.495662,2026-07-12 19:51:59.780181,0 days 00:00:13.284519,0.8149046299396671,0.12954336675040837,0.017953967356870874,32,9.291704689000868,7,9.057471911598762,1000,6.032804213237283,0.008915491431986123,0.9754457400693393,COMPLETE
88,0.43568801640602556,2026-07-12 19:51:59.780643,2026-07-12 19:52:09.498697,0 days 00:00:09.718054,0.8718388007517004,0.3194225429209823,0.038350181191819155,32,9.00901623323172,5,16.094066684345083,950,3.541117321483359,0.0010010159307968407,0.6522631690022221,COMPLETE
89,0.43582631380541076,2026-07-12 19:52:09.499022,2026-07-12 19:52:19.709872,0 days 00:00:10.210850,0.8203682386967984,0.14328420347519433,0.02298761190679515,32,9.52390485806876,6,15.230984275778146,750,5.302443789969105,0.0063075260255433885,0.6658263708757693,COMPLETE
90,0.4324514175454384,2026-07-12 19:52:19.710210,2026-07-12 19:52:31.017990,0 days 00:00:11.307780,0.7929547736817838,0.9280736799924051,0.012915415254859132,32,9.779080375860447,6,20.504896009942513,1000,7.793256136042869,0.003291771967051798,0.7213785522659151,COMPLETE
91,0.433735663892469,2026-07-12 19:52:31.018354,2026-07-12 19:52:42.914124,0 days 00:00:11.895770,0.8385785821259854,0.35736064457673283,0.029958514691863378,32,8.36742074010903,6,12.44935971450687,950,0.01905427135238972,0.001245310506076022,0.639673660113297,COMPLETE
92,0.43581497015465576,2026-07-12 19:52:42.914614,2026-07-12 19:52:52.303685,0 days 00:00:09.389071,0.7183159052243601,0.5740279811587575,0.04624708320920999,32,7.540877645425293,6,14.659228412304117,900,1.3029892216446393,0.0015806013523925145,0.6276920349641552,COMPLETE
93,0.42880381678269774,2026-07-12 19:52:52.304148,2026-07-12 19:52:56.571650,0 days 00:00:04.267502,0.7532972508444287,0.20381316721743042,0.015788948576389246,128,7.994192573561903,7,16.69305681666588,200,3.957803091539681,0.00223270739140822,0.6900653842577147,COMPLETE
94,0.4357249523299651,2026-07-12 19:52:56.572042,2026-07-12 19:53:06.632301,0 days 00:00:10.060259,0.9791583201539499,0.4591872977063384,0.024581550850599303,32,6.503131049711231,6,25.56190818886856,900,2.197274853088023,0.0012801798803917827,0.6736962497697135,COMPLETE
95,0.435717098834857,2026-07-12 19:53:06.632859,2026-07-12 19:53:24.262372,0 days 00:00:17.629513,0.6978945894937064,0.09634126845005567,0.009976557119428351,64,5.705875253060755,7,8.290119768898505,1000,3.018531254852198,0.0017290580712264762,0.6109048033674032,COMPLETE
96,0.43461855053458986,2026-07-12 19:53:24.262809,2026-07-12 19:53:35.443970,0 days 00:00:11.181161,0.8048222327921261,0.6810173438497688,0.020337933844163946,32,9.192212952473414,5,29.99241296781506,850,1.7803189096503735,0.005278533392989001,0.6563291220876886,COMPLETE
97,0.4018946996193182,2026-07-12 19:53:35.444330,2026-07-12 19:53:47.848650,0 days 00:00:12.404320,0.7390581458981348,0.2575296927091211,0.2436918786143995,32,9.979952934825668,6,9.500238887133403,950,0.04706775783567225,0.0027971106474806526,0.7042663330467303,COMPLETE
98,0.43192450096035484,2026-07-12 19:53:47.848993,2026-07-12 19:54:03.326572,0 days 00:00:15.477579,0.9156513078293909,0.3649003096322316,0.03547976077832864,128,8.84089464958178,7,6.587628800248163,950,0.9297716314253571,0.0022618294485604665,0.6433861638381139,COMPLETE
99,0.4355642300762172,2026-07-12 19:54:03.326904,2026-07-12 19:54:14.622555,0 days 00:00:11.295651,0.7835560024206458,0.7384275010233322,0.01133992362849004,256,3.97263416297724,6,10.558278028398417,800,0.4094378479883313,0.003771772593919136,0.6691526323674915,COMPLETE
100,0.432374446976673,2026-07-12 19:54:14.622911,2026-07-12 19:54:23.783371,0 days 00:00:09.160460,0.7648973327996652,1.1393795100692903,0.018188891410626944,32,4.893071309741327,4,19.10737445357471,900,5.165183548759003,0.0012681665046196259,0.8395080398477477,COMPLETE
101,0.4358623754808673,2026-07-12 19:54:23.783765,2026-07-12 19:54:34.102019,0 days 00:00:10.318254,0.767330696466155,0.11699331914266103,0.01702812797264058,128,9.480630883565667,6,17.362379617842567,650,2.3438228846190174,0.0015412352631405763,0.6372371602741587,COMPLETE
102,0.43531443808928916,2026-07-12 19:54:34.102341,2026-07-12 19:54:43.910222,0 days 00:00:09.807881,0.7601358073705395,0.24249296528576328,0.014129402940723554,128,9.737056552255472,6,13.55269546743636,650,1.470449523841879,0.0018234485320969404,0.9110230723351406,COMPLETE
103,0.43594304695988306,2026-07-12 19:54:43.910547,2026-07-12 19:54:53.250013,0 days 00:00:09.339466,0.7770079785329449,0.06352974754516721,0.024078034210275063,128,9.89863440524235,6,20.856068545707284,550,1.5872980096707232,0.0015217551721066719,0.6497851350458917,COMPLETE
104,0.435961380158236,2026-07-12 19:54:53.250359,2026-07-12 19:55:03.574706,0 days 00:00:10.324347,0.7274498127861587,0.48716613125340447,0.02104725018380084,128,8.603640872647956,6,12.935538539704554,700,1.1542165087960052,0.0011538740507000896,0.6270120009531255,COMPLETE
105,0.4349192073579884,2026-07-12 19:55:03.575157,2026-07-12 19:55:12.695882,0 days 00:00:09.120725,0.827919104843714,0.20949903085222513,0.016002787132223473,512,9.981731263243391,5,15.076939845268036,600,0.5836400167242288,0.001997459632084077,0.6596806681508378,COMPLETE
106,0.43401571091487245,2026-07-12 19:55:12.696193,2026-07-12 19:55:23.667094,0 days 00:00:10.970901,0.7461223462070584,0.3504686388961211,0.012119199511400048,128,9.103431189291378,7,12.575702765401756,600,4.413591848241985,0.002830461507513894,0.7866960747546434,COMPLETE
107,0.43585664802554486,2026-07-12 19:55:23.667467,2026-07-12 19:55:31.915192,0 days 00:00:08.247725,0.7925837943111126,0.573628400865438,0.030704722690903644,32,9.399512146153667,6,24.942974457176323,650,0.038037326701102804,0.0013410334030556055,0.6813372907082997,COMPLETE
108,0.433939624436392,2026-07-12 19:55:31.915677,2026-07-12 19:55:39.285432,0 days 00:00:07.369755,0.756882365174957,0.13290932682133166,0.018228403328930803,32,8.260823814965844,5,27.956057933380244,500,2.544289540902572,0.0024522434111147583,0.6330410981346035,COMPLETE
109,0.4301524871351285,2026-07-12 19:55:39.285769,2026-07-12 19:55:51.262602,0 days 00:00:11.976833,0.6763339649607345,0.41763606663374747,0.009363379087461824,256,8.836440996843422,6,41.79256204223342,750,7.430077277879117,0.0010164146239005662,0.6155148772758062,COMPLETE
110,0.43395620635002496,2026-07-12 19:55:51.262967,2026-07-12 19:56:07.301323,0 days 00:00:16.038356,0.849110633418116,0.01368921094249051,0.007577273772283137,128,9.278057012322927,7,9.258399527751918,850,3.61536446308358,0.0037302942969967686,0.8733460470953679,COMPLETE
111,0.43573256669239324,2026-07-12 19:56:07.301807,2026-07-12 19:56:17.560096,0 days 00:00:10.258289,0.7297336571836188,0.5141616490127562,0.021856396459081245,128,8.516813960914913,6,13.403205087847716,700,1.2563200213619494,0.0011801946483566274,0.630295910198248,COMPLETE
112,0.4363195288758429,2026-07-12 19:56:17.560613,2026-07-12 19:56:27.944908,0 days 00:00:10.384295,0.7241158511881236,0.2572110211393248,0.02038993489800749,128,8.704589965062086,6,11.376507775389904,700,1.1100647109466837,0.001605163581597674,0.6228621062710924,COMPLETE
113,0.43597827847945353,2026-07-12 19:56:27.945239,2026-07-12 19:56:38.825304,0 days 00:00:10.880065,0.704358576760455,0.23228182749196274,0.025874170317810287,128,9.617253392329054,6,7.508553592982012,750,0.8720897006397228,1.374339184168972,0.6478056431207146,COMPLETE
114,0.43591874826765153,2026-07-12 19:56:38.825785,2026-07-12 19:56:48.607550,0 days 00:00:09.781765,0.7996703185987487,0.345132683343879,0.015342634332392417,128,8.890970021917912,6,10.952050561271257,650,1.8593504846990954,0.0016132924396269797,0.609606757186667,COMPLETE
115,0.43600745706737254,2026-07-12 19:56:48.608007,2026-07-12 19:56:58.964393,0 days 00:00:10.356386,0.7419063164344569,0.08619966564300399,0.01905208285791398,128,1.600858602248783,6,11.733854212993984,700,2.645645979205952,0.0020633243752275123,0.6394025357123828,COMPLETE
116,0.4363823178129217,2026-07-12 19:56:58.964867,2026-07-12 19:57:10.448064,0 days 00:00:11.483197,0.7178945646539577,0.09013458429555896,0.01991894905352377,32,1.6386043646017125,6,9.952859172363153,800,2.9157671165220598,0.0020274438801551795,0.6608758013433242,COMPLETE
117,0.43616494292057884,2026-07-12 19:57:10.448401,2026-07-12 19:57:20.262278,0 days 00:00:09.813877,0.7228210084900288,0.0701107473213701,0.019614342429814927,32,1.6127847462075866,5,10.218266398812956,800,2.8620123098020955,0.002081684934630355,0.6686609562948983,COMPLETE
118,0.43444958803758904,2026-07-12 19:57:20.262815,2026-07-12 19:57:30.025468,0 days 00:00:09.762653,0.6765617268970113,0.2516391149612951,0.012660120471521812,32,1.2756457483119437,5,9.819544655464933,800,3.1791402863362057,0.004383865365040992,0.69644015561574,COMPLETE
119,0.43483136722282145,2026-07-12 19:57:30.025818,2026-07-12 19:57:39.796090,0 days 00:00:09.770272,0.7193643319860816,0.004831883579990731,0.014470031276924051,32,1.0424087102435284,5,6.209081091869033,800,4.509475161666753,0.0029711621241656876,0.6641289054827901,COMPLETE
120,0.4327007157212638,2026-07-12 19:57:39.796446,2026-07-12 19:57:49.231599,0 days 00:00:09.435153,0.6852744470599674,0.12448834563128318,0.010690427076374126,32,2.2396394278631444,4,8.649448173718904,750,0.15381179609359574,0.002457979563044153,0.7161845192277133,COMPLETE
121,0.4362977947801877,2026-07-12 19:57:49.232010,2026-07-12 19:57:59.400384,0 days 00:00:10.168374,0.710578145904795,0.09205375241576036,0.019024615337214737,32,1.866986980886375,6,11.905955120163615,700,2.629858709991592,0.0020030379457455223,0.6828707223804844,COMPLETE
122,0.4354328023434098,2026-07-12 19:57:59.400717,2026-07-12 19:58:10.111625,0 days 00:00:10.710908,0.6624965464300824,0.2890336148498761,0.019667389365700345,32,1.7902300374198301,5,10.850520274515878,800,3.868781606681199,0.0017945543966998016,0.766721208950398,COMPLETE
123,0.43628286118984844,2026-07-12 19:58:10.112112,2026-07-12 19:58:22.203809,0 days 00:00:12.091697,0.7087938672705145,0.1644090093368621,0.0229498401243357,32,1.5954929907113038,6,7.006509125681066,850,2.225578225167527,0.00210403850000603,0.6858519854082413,COMPLETE
124,0.43628446538591037,2026-07-12 19:58:22.204165,2026-07-12 19:58:33.364510,0 days 00:00:11.160345,0.7224437808731823,0.005223544155008419,0.023526011434963412,32,2.806479120890864,6,7.02075790923457,750,2.1922205347188943,0.003270821820913731,0.6857499729370385,COMPLETE
125,0.43644490977023365,2026-07-12 19:58:33.364953,2026-07-12 19:58:45.418172,0 days 00:00:12.053219,0.7060780224693419,0.017557775296077105,0.01683970359004727,32,2.534307772750246,6,5.211649662826766,700,0.01327111423213685,0.00335109138047846,0.6867864887441049,COMPLETE
126,0.4366940812019432,2026-07-12 19:58:45.418546,2026-07-12 19:58:55.979947,0 days 00:00:10.561401,0.7070203879947599,0.08198692870191479,0.024048204261022513,32,2.8175628913318618,6,4.337601234225204,700,2.2315657191530693,0.003397424967153318,0.6842192588053665,COMPLETE
127,0.43493694951637335,2026-07-12 19:58:55.980401,2026-07-12 19:59:06.686021,0 days 00:00:10.705620,0.7085383099349291,0.010180569310502666,0.03532836483997174,32,2.7789847290258303,6,4.4921177668030055,700,1.929294204938318,0.005213884034605603,0.686012740465246,COMPLETE
128,0.43601403727702115,2026-07-12 19:59:06.686566,2026-07-12 19:59:19.499556,0 days 00:00:12.812990,0.6987266097084318,0.1034802553417084,0.01663058990401436,32,3.0281528203652295,6,5.651639400101609,750,0.010736682431608363,0.003512046502847937,0.7107371055764322,COMPLETE
129,0.4362890914619418,2026-07-12 19:59:19.499914,2026-07-12 19:59:29.395458,0 days 00:00:09.895544,0.7115284632754211,0.4236695499110733,0.026892343441338156,32,2.03401280497128,6,3.171452580784087,700,2.138306312539407,0.0031334880672125435,0.6789112813226164,COMPLETE
130,0.4358317880470565,2026-07-12 19:59:29.395908,2026-07-12 19:59:38.432808,0 days 00:00:09.036900,0.6596575666232544,0.38448948919490233,0.029037263480552297,32,2.3249516704396305,6,3.0875482519687147,700,0.0024678521058181884,0.004271078152227275,0.6799434691883601,COMPLETE
