[2026-07-12 19:37:58] [Ensayo] A new study created in memory with name: xgb_optimization
[2026-07-12 19:38:10] [Ensayo] Trial 0 finished with value: 0.4312180856849027 and parameters: {'n_estimators': 750, 'max_depth': 7, 'learning_rate': 0.025280650144757527, 'gamma': 3.0523831528710454, 'reg_lambda': 3.5956205549661377, 'reg_alpha': 2.2059502621028493, 'subsample': 0.8310855036089813, 'colsample_bytree': 0.8532425988180369, 'min_child_weight': 11.666388748850776, 'max_delta_step': 1.2708660872316513, 'max_bin': 128}. Best is trial 0 with value: 0.4312180856849027.
[2026-07-12 19:38:22] [Ensayo] Trial 1 finished with value: 0.42963725786186424 and parameters: {'n_estimators': 950, 'max_depth': 6, 'learning_rate': 0.012681366199589815, 'gamma': 4.697041026528685, 'reg_lambda': 3.5666549317362897, 'reg_alpha': 0.4362746308949731, 'subsample': 0.7281921628418678, 'colsample_bytree': 0.6174870092389562, 'min_child_weight': 20.514695411099403, 'max_delta_step': 1.1099605879847596, 'max_bin': 128}. Best is trial 0 with value: 0.4312180856849027.
[2026-07-12 19:38:24] [Ensayo] Trial 2 finished with value: 0.42852392550529456 and parameters: {'n_estimators': 150, 'max_depth': 3, 'learning_rate': 0.07615351966505331, 'gamma': 4.339260701587538, 'reg_lambda': 0.0025225394110893473, 'reg_alpha': 0.12337710837273906, 'subsample': 0.9784365468715088, 'colsample_bytree': 0.7087058721898793, 'min_child_weight': 5.119963483473797, 'max_delta_step': 0.6058162628262553, 'max_bin': 512}. Best is trial 0 with value: 0.4312180856849027.
[2026-07-12 19:38:29] [Ensayo] Trial 3 finished with value: 0.41015262173966127 and parameters: {'n_estimators': 400, 'max_depth': 4, 'learning_rate': 0.0016344624034792627, 'gamma': 2.495278951325294, 'reg_lambda': 7.876420525190662, 'reg_alpha': 2.9921237537363496, 'subsample': 0.7170058103503243, 'colsample_bytree': 0.6214512632282871, 'min_child_weight': 8.601273157191759, 'max_delta_step': 3.6834837912635288, 'max_bin': 128}. Best is trial 0 with value: 0.4312180856849027.
[2026-07-12 19:38:36] [Ensayo] Trial 4 finished with value: 0.42982732592102657 and parameters: {'n_estimators': 900, 'max_depth': 3, 'learning_rate': 0.056512024085510204, 'gamma': 3.035486436227332, 'reg_lambda': 0.001003648105127574, 'reg_alpha': 3.7274859759176233, 'subsample': 0.6319284330611545, 'colsample_bytree': 0.8853094678519826, 'min_child_weight': 12.241339928709191, 'max_delta_step': 4.613499513661393, 'max_bin': 512}. Best is trial 0 with value: 0.4312180856849027.
[2026-07-12 19:38:37] [Ensayo] Trial 5 finished with value: 0.43297520576575793 and parameters: {'n_estimators': 100, 'max_depth': 7, 'learning_rate': 0.2654031761167233, 'gamma': 0.8135371142854986, 'reg_lambda': 0.013722858906627366, 'reg_alpha': 0.00902764623372013, 'subsample': 0.8750257659139884, 'colsample_bytree': 0.9204378052876966, 'min_child_weight': 16.090077485012955, 'max_delta_step': 2.38368061598813, 'max_bin': 512}. Best is trial 5 with value: 0.43297520576575793.
[2026-07-12 19:38:52] [Ensayo] Trial 6 finished with value: 0.431132330232243 and parameters: {'n_estimators': 950, 'max_depth': 7, 'learning_rate': 0.00513489188766217, 'gamma': 0.3352220702266945, 'reg_lambda': 0.002777215742993927, 'reg_alpha': 6.340510179346698, 'subsample': 0.9858811891192432, 'colsample_bytree': 0.6707879928414703, 'min_child_weight': 31.902303655178653, 'max_delta_step': 8.504079686302438, 'max_bin': 512}. Best is trial 5 with value: 0.43297520576575793.
[2026-07-12 19:38:58] [Ensayo] Trial 7 finished with value: 0.4314299731424282 and parameters: {'n_estimators': 850, 'max_depth': 8, 'learning_rate': 0.20415572344629837, 'gamma': 2.781207045941101, 'reg_lambda': 0.011048244042211504, 'reg_alpha': 0.030582019830418607, 'subsample': 0.667267581303267, 'colsample_bytree': 0.664407372165699, 'min_child_weight': 19.614576962700188, 'max_delta_step': 8.35086918513408, 'max_bin': 128}. Best is trial 5 with value: 0.43297520576575793.
[2026-07-12 19:39:04] [Ensayo] Trial 8 finished with value: 0.41506953525297263 and parameters: {'n_estimators': 450, 'max_depth': 5, 'learning_rate': 0.0037881745992145344, 'gamma': 3.8646864787168624, 'reg_lambda': 0.1593582370544434, 'reg_alpha': 3.0131599084013736, 'subsample': 0.6810975688707268, 'colsample_bytree': 0.9604604968133099, 'min_child_weight': 20.32736119980669, 'max_delta_step': 5.22700330214584, 'max_bin': 32}. Best is trial 5 with value: 0.43297520576575793.
[2026-07-12 19:39:13] [Ensayo] Trial 9 finished with value: 0.4281282076196581 and parameters: {'n_estimators': 800, 'max_depth': 4, 'learning_rate': 0.006131139966419435, 'gamma': 1.0238130692899083, 'reg_lambda': 0.004309461356706629, 'reg_alpha': 0.5534812648209269, 'subsample': 0.9031050892738658, 'colsample_bytree': 0.8075643432329059, 'min_child_weight': 5.948334850136571, 'max_delta_step': 9.871643490237368, 'max_bin': 128}. Best is trial 5 with value: 0.43297520576575793.
[2026-07-12 19:39:15] [Ensayo] Trial 10 finished with value: 0.42694527285761863 and parameters: {'n_estimators': 100, 'max_depth': 10, 'learning_rate': 0.3982467204659369, 'gamma': 1.5597319815620216, 'reg_lambda': 0.07659495012643681, 'reg_alpha': 0.0010782898587921588, 'subsample': 0.8023514430926364, 'colsample_bytree': 0.9843692777594027, 'min_child_weight': 1.3692164167239107, 'max_delta_step': 6.225989989432816, 'max_bin': 64}. Best is trial 5 with value: 0.43297520576575793.
[2026-07-12 19:39:19] [Ensayo] Trial 11 finished with value: 0.43001936224737475 and parameters: {'n_estimators': 600, 'max_depth': 9, 'learning_rate': 0.483580836710956, 'gamma': 1.8307133128008077, 'reg_lambda': 0.028039566528493872, 'reg_alpha': 0.011221535416183651, 'subsample': 0.8139042025340129, 'colsample_bytree': 0.7987315261157109, 'min_child_weight': 34.739354899793824, 'max_delta_step': 7.290281127019353, 'max_bin': 256}. Best is trial 5 with value: 0.43297520576575793.
[2026-07-12 19:39:26] [Ensayo] Trial 12 finished with value: 0.4049683409840865 and parameters: {'n_estimators': 300, 'max_depth': 8, 'learning_rate': 0.15149988937382092, 'gamma': 0.07765631125039052, 'reg_lambda': 0.015599557564212925, 'reg_alpha': 0.013536103585954659, 'subsample': 0.6051865218909668, 'colsample_bytree': 0.7357976059774347, 'min_child_weight': 3.522006516715334, 'max_delta_step': 3.1934432576149976, 'max_bin': 64}. Best is trial 5 with value: 0.43297520576575793.
[2026-07-12 19:39:30] [Ensayo] Trial 13 finished with value: 0.43391387977745566 and parameters: {'n_estimators': 600, 'max_depth': 8, 'learning_rate': 0.14224252587647754, 'gamma': 1.0879110366610167, 'reg_lambda': 0.3142332787881059, 'reg_alpha': 0.014632687410812813, 'subsample': 0.8858353206401884, 'colsample_bytree': 0.9265708219801951, 'min_child_weight': 19.225126885661258, 'max_delta_step': 2.5932745703156037, 'max_bin': 256}. Best is trial 13 with value: 0.43391387977745566.
[2026-07-12 19:39:34] [Ensayo] Trial 14 finished with value: 0.43352344833752754 and parameters: {'n_estimators': 600, 'max_depth': 7, 'learning_rate': 0.10023220109456474, 'gamma': 0.8932642116131816, 'reg_lambda': 0.47763588607883006, 'reg_alpha': 0.0031106028930171217, 'subsample': 0.8949547843071138, 'colsample_bytree': 0.9298635951609321, 'min_child_weight': 48.83400095963914, 'max_delta_step': 2.5704209918364422, 'max_bin': 256}. Best is trial 13 with value: 0.43391387977745566.
[2026-07-12 19:39:40] [Ensayo] Trial 15 finished with value: 0.43294856960603256 and parameters: {'n_estimators': 650, 'max_depth': 10, 'learning_rate': 0.07130055711302456, 'gamma': 1.600356915551966, 'reg_lambda': 0.6461695666901376, 'reg_alpha': 0.0013947637143119033, 'subsample': 0.9163177615663699, 'colsample_bytree': 0.9290827541394506, 'min_child_weight': 39.410447357574796, 'max_delta_step': 2.46881782877369, 'max_bin': 256}. Best is trial 13 with value: 0.43391387977745566.
[2026-07-12 19:39:48] [Ensayo] Trial 16 finished with value: 0.433845322681378 and parameters: {'n_estimators': 550, 'max_depth': 8, 'learning_rate': 0.032268279156585006, 'gamma': 0.8424625014194829, 'reg_lambda': 0.497205716944968, 'reg_alpha': 0.00346934244155264, 'subsample': 0.925611474750443, 'colsample_bytree': 0.8430687405290794, 'min_child_weight': 45.26892026942898, 'max_delta_step': 4.479082928042996, 'max_bin': 256}. Best is trial 13 with value: 0.43391387977745566.
[2026-07-12 19:39:54] [Ensayo] Trial 17 finished with value: 0.43285071546471626 and parameters: {'n_estimators': 500, 'max_depth': 9, 'learning_rate': 0.027761101738766083, 'gamma': 1.9373013406655333, 'reg_lambda': 0.7219477772229099, 'reg_alpha': 0.06098512491587771, 'subsample': 0.9542289363273698, 'colsample_bytree': 0.8351701427299704, 'min_child_weight': 27.147631745507717, 'max_delta_step': 4.5674111502031005, 'max_bin': 256}. Best is trial 13 with value: 0.43391387977745566.
[2026-07-12 19:40:00] [Ensayo] Trial 18 finished with value: 0.4333330987056255 and parameters: {'n_estimators': 300, 'max_depth': 9, 'learning_rate': 0.039666329714007485, 'gamma': 0.5446742597640264, 'reg_lambda': 0.19244977367954552, 'reg_alpha': 0.004401403705860724, 'subsample': 0.8550098585966828, 'colsample_bytree': 0.7720302748420111, 'min_child_weight': 2.1518212764175266, 'max_delta_step': 5.83772383236317, 'max_bin': 256}. Best is trial 13 with value: 0.43391387977745566.
[2026-07-12 19:40:10] [Ensayo] Trial 19 finished with value: 0.43291604549202745 and parameters: {'n_estimators': 650, 'max_depth': 8, 'learning_rate': 0.017418520117487624, 'gamma': 1.2561707511967006, 'reg_lambda': 1.4074928684799513, 'reg_alpha': 0.026074662640658375, 'subsample': 0.9418989078695966, 'colsample_bytree': 0.8815547204353443, 'min_child_weight': 45.606369520467716, 'max_delta_step': 3.726486750455771, 'max_bin': 32}. Best is trial 13 with value: 0.43391387977745566.
[2026-07-12 19:40:15] [Ensayo] Trial 20 finished with value: 0.4324209313763321 and parameters: {'n_estimators': 750, 'max_depth': 6, 'learning_rate': 0.13057627545953954, 'gamma': 2.2790049590977945, 'reg_lambda': 0.07474545084374191, 'reg_alpha': 0.003795864831544187, 'subsample': 0.771714931487174, 'colsample_bytree': 0.8798551911121772, 'min_child_weight': 26.65900533789015, 'max_delta_step': 1.6684912700702754, 'max_bin': 256}. Best is trial 13 with value: 0.43391387977745566.
[2026-07-12 19:40:19] [Ensayo] Trial 21 finished with value: 0.4335741874050901 and parameters: {'n_estimators': 550, 'max_depth': 6, 'learning_rate': 0.09604142899493394, 'gamma': 0.7801880270752457, 'reg_lambda': 0.30116197356621127, 'reg_alpha': 0.0031421831421432275, 'subsample': 0.8939273142294223, 'colsample_bytree': 0.9443312493893109, 'min_child_weight': 49.456770373133914, 'max_delta_step': 2.6693253167401543, 'max_bin': 256}. Best is trial 13 with value: 0.43391387977745566.
[2026-07-12 19:40:28] [Ensayo] Trial 22 finished with value: 0.43483862906339094 and parameters: {'n_estimators': 500, 'max_depth': 6, 'learning_rate': 0.04334282236278168, 'gamma': 0.057935043049646584, 'reg_lambda': 0.21788701000289856, 'reg_alpha': 0.0022909904871929636, 'subsample': 0.9329430621691924, 'colsample_bytree': 0.9896216370698313, 'min_child_weight': 46.854102537388236, 'max_delta_step': 4.13676942289669, 'max_bin': 256}. Best is trial 22 with value: 0.43483862906339094.
[2026-07-12 19:40:33] [Ensayo] Trial 23 finished with value: 0.4260294939890349 and parameters: {'n_estimators': 350, 'max_depth': 5, 'learning_rate': 0.010042405284591688, 'gamma': 0.07951215127717726, 'reg_lambda': 1.3145478104935966, 'reg_alpha': 0.006951281389809341, 'subsample': 0.9432132944112515, 'colsample_bytree': 0.9957828432581598, 'min_child_weight': 29.66456550088167, 'max_delta_step': 4.25374467586665, 'max_bin': 256}. Best is trial 22 with value: 0.43483862906339094.
[2026-07-12 19:40:40] [Ensayo] Trial 24 finished with value: 0.4339456216689771 and parameters: {'n_estimators': 500, 'max_depth': 8, 'learning_rate': 0.050404389970340635, 'gamma': 1.2542587267113192, 'reg_lambda': 0.07939017504275128, 'reg_alpha': 0.001647989556033864, 'subsample': 0.8676857345639946, 'colsample_bytree': 0.9654649275064234, 'min_child_weight': 12.126636213970816, 'max_delta_step': 0.18912221090289982, 'max_bin': 256}. Best is trial 22 with value: 0.43483862906339094.
[2026-07-12 19:40:47] [Ensayo] Trial 25 finished with value: 0.4342277801440588 and parameters: {'n_estimators': 450, 'max_depth': 9, 'learning_rate': 0.05986501572340656, 'gamma': 1.3596154675793504, 'reg_lambda': 0.06195044537908424, 'reg_alpha': 0.0017695383599503464, 'subsample': 0.8550077458498535, 'colsample_bytree': 0.9685595070401826, 'min_child_weight': 8.834101480591983, 'max_delta_step': 0.18088073977064356, 'max_bin': 256}. Best is trial 22 with value: 0.43483862906339094.
[2026-07-12 19:40:50] [Ensayo] Trial 26 finished with value: 0.35587509508078063 and parameters: {'n_estimators': 200, 'max_depth': 10, 'learning_rate': 0.056613198934126356, 'gamma': 0.41785310800666564, 'reg_lambda': 0.055979946889199966, 'reg_alpha': 0.0017775570190098084, 'subsample': 0.8504304563447019, 'colsample_bytree': 0.9655949980415466, 'min_child_weight': 7.327006047540322, 'max_delta_step': 0.1077453992281293, 'max_bin': 64}. Best is trial 22 with value: 0.43483862906339094.
[2026-07-12 19:40:56] [Ensayo] Trial 27 finished with value: 0.43295058306876777 and parameters: {'n_estimators': 450, 'max_depth': 9, 'learning_rate': 0.042877653356135095, 'gamma': 1.5546328690335454, 'reg_lambda': 0.03756780508947145, 'reg_alpha': 0.0010492618303008172, 'subsample': 0.7764271142835945, 'colsample_bytree': 0.9934165799345365, 'min_child_weight': 3.94708650077905, 'max_delta_step': 0.16285025215332238, 'max_bin': 256}. Best is trial 22 with value: 0.43483862906339094.
[2026-07-12 19:41:01] [Ensayo] Trial 28 finished with value: 0.43208474180039624 and parameters: {'n_estimators': 400, 'max_depth': 5, 'learning_rate': 0.020280520652698687, 'gamma': 2.246795499352994, 'reg_lambda': 0.1340147207574783, 'reg_alpha': 0.0019530283974161222, 'subsample': 0.8568898345409214, 'colsample_bytree': 0.9639276837740285, 'min_child_weight': 13.443788079486, 'max_delta_step': 1.8605546390039032, 'max_bin': 32}. Best is trial 22 with value: 0.43483862906339094.
[2026-07-12 19:41:11] [Ensayo] Trial 29 finished with value: 0.43438058975112465 and parameters: {'n_estimators': 700, 'max_depth': 6, 'learning_rate': 0.013572822254415055, 'gamma': 1.297903447205252, 'reg_lambda': 0.024517589253668183, 'reg_alpha': 0.007022672797450737, 'subsample': 0.820278858161636, 'colsample_bytree': 0.9002202034800946, 'min_child_weight': 9.920498351337608, 'max_delta_step': 1.0376196306782932, 'max_bin': 256}. Best is trial 22 with value: 0.43483862906339094.
[2026-07-12 19:41:22] [Ensayo] Trial 30 finished with value: 0.43603841185307807 and parameters: {'n_estimators': 750, 'max_depth': 6, 'learning_rate': 0.014159006203052382, 'gamma': 0.007994348796093384, 'reg_lambda': 0.026847290431382027, 'reg_alpha': 0.02855529568058124, 'subsample': 0.8292052672456509, 'colsample_bytree': 0.9091251991358362, 'min_child_weight': 9.045672794055257, 'max_delta_step': 1.091328924775113, 'max_bin': 256}. Best is trial 30 with value: 0.43603841185307807.
[2026-07-12 19:41:33] [Ensayo] Trial 31 finished with value: 0.4351340455560876 and parameters: {'n_estimators': 700, 'max_depth': 6, 'learning_rate': 0.009937983562915233, 'gamma': 0.4518060072929594, 'reg_lambda': 0.026914070835955515, 'reg_alpha': 0.03511228717688702, 'subsample': 0.8289924574811771, 'colsample_bytree': 0.9021226615780596, 'min_child_weight': 8.699004695696793, 'max_delta_step': 0.9955514282058662, 'max_bin': 256}. Best is trial 30 with value: 0.43603841185307807.
[2026-07-12 19:41:44] [Ensayo] Trial 32 finished with value: 0.43519507649006134 and parameters: {'n_estimators': 700, 'max_depth': 6, 'learning_rate': 0.010301270836814895, 'gamma': 0.018181138841496747, 'reg_lambda': 0.006830863470936167, 'reg_alpha': 0.22678432704791876, 'subsample': 0.8146573946002146, 'colsample_bytree': 0.9032587050682916, 'min_child_weight': 8.931763394815787, 'max_delta_step': 1.277642702494932, 'max_bin': 256}. Best is trial 30 with value: 0.43603841185307807.
[2026-07-12 19:41:57] [Ensayo] Trial 33 finished with value: 0.43319174837404484 and parameters: {'n_estimators': 750, 'max_depth': 6, 'learning_rate': 0.0063892987512396025, 'gamma': 0.08922655862011472, 'reg_lambda': 0.005818733902960001, 'reg_alpha': 0.2683281415185651, 'subsample': 0.7756310769117307, 'colsample_bytree': 0.8615887013608041, 'min_child_weight': 5.6553134473572975, 'max_delta_step': 1.4271239644335345, 'max_bin': 256}. Best is trial 30 with value: 0.43603841185307807.
[2026-07-12 19:42:08] [Ensayo] Trial 34 finished with value: 0.42339068934459945 and parameters: {'n_estimators': 850, 'max_depth': 5, 'learning_rate': 0.002816709676621611, 'gamma': 0.4784618540888578, 'reg_lambda': 0.006999683701041792, 'reg_alpha': 1.1286849609835787, 'subsample': 0.7458158841988575, 'colsample_bytree': 0.9041654862661435, 'min_child_weight': 4.092185854760263, 'max_delta_step': 1.001986340068193, 'max_bin': 256}. Best is trial 30 with value: 0.43603841185307807.
[2026-07-12 19:42:25] [Ensayo] Trial 35 finished with value: 0.43502262810693065 and parameters: {'n_estimators': 750, 'max_depth': 7, 'learning_rate': 0.008898663592793635, 'gamma': 0.02280937856074771, 'reg_lambda': 0.0019689593317524265, 'reg_alpha': 0.12208831272071125, 'subsample': 0.7962162908317545, 'colsample_bytree': 0.8573243899731307, 'min_child_weight': 2.037012207365805, 'max_delta_step': 1.9161968612398113, 'max_bin': 256}. Best is trial 30 with value: 0.43603841185307807.
[2026-07-12 19:42:40] [Ensayo] Trial 36 finished with value: 0.43487496833432865 and parameters: {'n_estimators': 1000, 'max_depth': 7, 'learning_rate': 0.010225217250954632, 'gamma': 0.595189719230638, 'reg_lambda': 0.0021070867514586165, 'reg_alpha': 0.18213205307760078, 'subsample': 0.8025243379984333, 'colsample_bytree': 0.8165375165813739, 'min_child_weight': 1.046703815849336, 'max_delta_step': 1.9108945955015626, 'max_bin': 128}. Best is trial 30 with value: 0.43603841185307807.
[2026-07-12 19:42:49] [Ensayo] Trial 37 finished with value: 0.4023806231419472 and parameters: {'n_estimators': 700, 'max_depth': 4, 'learning_rate': 0.0011996228624248603, 'gamma': 0.31050128979679814, 'reg_lambda': 0.0010999043555171336, 'reg_alpha': 0.09794728920880899, 'subsample': 0.8300019377007352, 'colsample_bytree': 0.8594232136024851, 'min_child_weight': 2.5147838416576223, 'max_delta_step': 0.7693938465733137, 'max_bin': 512}. Best is trial 30 with value: 0.43603841185307807.
[2026-07-12 19:43:02] [Ensayo] Trial 38 finished with value: 0.42646103734041196 and parameters: {'n_estimators': 800, 'max_depth': 6, 'learning_rate': 0.002562833165421969, 'gamma': 0.2627679077501439, 'reg_lambda': 0.010229552180501294, 'reg_alpha': 0.05080761784927948, 'subsample': 0.7399026390718045, 'colsample_bytree': 0.8953704923443798, 'min_child_weight': 7.04454377815535, 'max_delta_step': 3.2920577433149765, 'max_bin': 64}. Best is trial 30 with value: 0.43603841185307807.
[2026-07-12 19:43:15] [Ensayo] Trial 39 finished with value: 0.43561976226415133 and parameters: {'n_estimators': 900, 'max_depth': 7, 'learning_rate': 0.011354124077472293, 'gamma': 0.68901453610636, 'reg_lambda': 0.0017315121613095852, 'reg_alpha': 0.4834071355559164, 'subsample': 0.7000748434083658, 'colsample_bytree': 0.7815614856857975, 'min_child_weight': 15.261082723696516, 'max_delta_step': 1.3602234474941983, 'max_bin': 32}. Best is trial 30 with value: 0.43603841185307807.
[2026-07-12 19:43:24] [Ensayo] Trial 40 finished with value: 0.43102264581803523 and parameters: {'n_estimators': 900, 'max_depth': 7, 'learning_rate': 0.016973938075497977, 'gamma': 3.6873667776784353, 'reg_lambda': 0.004612940216663927, 'reg_alpha': 1.0542797179880716, 'subsample': 0.6843302919960326, 'colsample_bytree': 0.7672983465764693, 'min_child_weight': 15.11192505895101, 'max_delta_step': 1.2454996422057754, 'max_bin': 32}. Best is trial 30 with value: 0.43603841185307807.
[2026-07-12 19:43:39] [Ensayo] Trial 41 finished with value: 0.43523516047310257 and parameters: {'n_estimators': 800, 'max_depth': 7, 'learning_rate': 0.00813104529006663, 'gamma': 0.6623419158755337, 'reg_lambda': 0.0019413918099454443, 'reg_alpha': 0.35053010298118, 'subsample': 0.7120894184799147, 'colsample_bytree': 0.8330461218695322, 'min_child_weight': 9.708586766496879, 'max_delta_step': 1.9851248354623554, 'max_bin': 32}. Best is trial 30 with value: 0.43603841185307807.
[2026-07-12 19:43:51] [Ensayo] Trial 42 finished with value: 0.43374764525434817 and parameters: {'n_estimators': 850, 'max_depth': 6, 'learning_rate': 0.007119144697841307, 'gamma': 0.6701152868048489, 'reg_lambda': 0.00331910643129801, 'reg_alpha': 0.3662739905782377, 'subsample': 0.6981789150782143, 'colsample_bytree': 0.788070070165102, 'min_child_weight': 10.171295360098638, 'max_delta_step': 0.7078914553230182, 'max_bin': 32}. Best is trial 30 with value: 0.43603841185307807.
[2026-07-12 19:44:02] [Ensayo] Trial 43 finished with value: 0.43618101551325716 and parameters: {'n_estimators': 950, 'max_depth': 5, 'learning_rate': 0.013915459846145008, 'gamma': 0.36141461510862744, 'reg_lambda': 0.0012709964724971624, 'reg_alpha': 0.933777604780342, 'subsample': 0.6495574918471759, 'colsample_bytree': 0.8202688688815819, 'min_child_weight': 7.353287700778593, 'max_delta_step': 2.1273481594779873, 'max_bin': 32}. Best is trial 43 with value: 0.43618101551325716.
